This is pdfTeX, Version 3.141592653-2.6-1.40.22 (MiKTeX 21.2) (preloaded format=pdflatex 2021.2.24)  3 MAR 2021 00:10
entering extended mode
**./1.1.tex
(1.1.tex
LaTeX2e <2020-10-01> patch level 4
L3 programming layer <2021-02-18> xparse <2020-03-03>
(C:\Users\–í–∞–ª–µ—Ä–∏–π\AppData\Local\Programs\MiKTeX\tex/latex/base\article.c
ls
Document Class: article 2020/04/10 v1.4m Standard LaTeX document class

(C:\Users\–í–∞–ª–µ—Ä–∏–π\AppData\Local\Programs\MiKTeX\tex/latex/base\size12.cl
o
File: size12.clo 2020/04/10 v1.4m Standard LaTeX file (size option)
)
\c@part=\count179
\c@section=\count180
\c@subsection=\count181
\c@subsubsection=\count182
\c@paragraph=\count183
\c@subparagraph=\count184
\c@figure=\count185
\c@table=\count186
\abovecaptionskip=\skip47
\belowcaptionskip=\skip48
\bibindent=\dimen138
)
(C:\Users\–í–∞–ª–µ—Ä–∏–π\AppData\Local\Programs\MiKTeX\tex/latex/cmap\cmap.sty
Package: cmap 2021/02/06 v1.0j CMap support: searchable PDF
)
(C:\Users\–í–∞–ª–µ—Ä–∏–π\AppData\Local\Programs\MiKTeX\tex/latex/base\fontenc.s
ty
Package: fontenc 2020/08/10 v2.0s Standard LaTeX package

(C:\Users\–í–∞–ª–µ—Ä–∏–π\AppData\Local\Programs\MiKTeX\tex/latex/cyrillic\t2aen
c.def
File: t2aenc.def 2005/09/27 v1.0i Cyrillic encoding definition file
Now handling font encoding T2A ...
... processing UTF-8 mapping file for font encoding T2A

(C:\Users\–í–∞–ª–µ—Ä–∏–π\AppData\Local\Programs\MiKTeX\tex/latex/base\t2aenc.df
u
File: t2aenc.dfu 2019/11/14 v1.2k UTF-8 support for inputenc
   defining Unicode char U+00A4 (decimal 164)
   defining Unicode char U+00A7 (decimal 167)
   defining Unicode char U+00AB (decimal 171)
   defining Unicode char U+00BB (decimal 187)
   defining Unicode char U+0131 (decimal 305)
   defining Unicode char U+0237 (decimal 567)
   defining Unicode char U+0400 (decimal 1024)
   defining Unicode char U+0401 (decimal 1025)
   defining Unicode char U+0402 (decimal 1026)
   defining Unicode char U+0403 (decimal 1027)
   defining Unicode char U+0404 (decimal 1028)
   defining Unicode char U+0405 (decimal 1029)
   defining Unicode char U+0406 (decimal 1030)
   defining Unicode char U+0407 (decimal 1031)
   defining Unicode char U+0408 (decimal 1032)
   defining Unicode char U+0409 (decimal 1033)
   defining Unicode char U+040A (decimal 1034)
   defining Unicode char U+040B (decimal 1035)
   defining Unicode char U+040C (decimal 1036)
   defining Unicode char U+040D (decimal 1037)
   defining Unicode char U+040E (decimal 1038)
   defining Unicode char U+040F (decimal 1039)
   defining Unicode char U+0410 (decimal 1040)
   defining Unicode char U+0411 (decimal 1041)
   defining Unicode char U+0412 (decimal 1042)
   defining Unicode char U+0413 (decimal 1043)
   defining Unicode char U+0414 (decimal 1044)
   defining Unicode char U+0415 (decimal 1045)
   defining Unicode char U+0416 (decimal 1046)
   defining Unicode char U+0417 (decimal 1047)
   defining Unicode char U+0418 (decimal 1048)
   defining Unicode char U+0419 (decimal 1049)
   defining Unicode char U+041A (decimal 1050)
   defining Unicode char U+041B (decimal 1051)
   defining Unicode char U+041C (decimal 1052)
   defining Unicode char U+041D (decimal 1053)
   defining Unicode char U+041E (decimal 1054)
   defining Unicode char U+041F (decimal 1055)
   defining Unicode char U+0420 (decimal 1056)
   defining Unicode char U+0421 (decimal 1057)
   defining Unicode char U+0422 (decimal 1058)
   defining Unicode char U+0423 (decimal 1059)
   defining Unicode char U+0424 (decimal 1060)
   defining Unicode char U+0425 (decimal 1061)
   defining Unicode char U+0426 (decimal 1062)
   defining Unicode char U+0427 (decimal 1063)
   defining Unicode char U+0428 (decimal 1064)
   defining Unicode char U+0429 (decimal 1065)
   defining Unicode char U+042A (decimal 1066)
   defining Unicode char U+042B (decimal 1067)
   defining Unicode char U+042C (decimal 1068)
   defining Unicode char U+042D (decimal 1069)
   defining Unicode char U+042E (decimal 1070)
   defining Unicode char U+042F (decimal 1071)
   defining Unicode char U+0430 (decimal 1072)
   defining Unicode char U+0431 (decimal 1073)
   defining Unicode char U+0432 (decimal 1074)
   defining Unicode char U+0433 (decimal 1075)
   defining Unicode char U+0434 (decimal 1076)
   defining Unicode char U+0435 (decimal 1077)
   defining Unicode char U+0436 (decimal 1078)
   defining Unicode char U+0437 (decimal 1079)
   defining Unicode char U+0438 (decimal 1080)
   defining Unicode char U+0439 (decimal 1081)
   defining Unicode char U+043A (decimal 1082)
   defining Unicode char U+043B (decimal 1083)
   defining Unicode char U+043C (decimal 1084)
   defining Unicode char U+043D (decimal 1085)
   defining Unicode char U+043E (decimal 1086)
   defining Unicode char U+043F (decimal 1087)
   defining Unicode char U+0440 (decimal 1088)
   defining Unicode char U+0441 (decimal 1089)
   defining Unicode char U+0442 (decimal 1090)
   defining Unicode char U+0443 (decimal 1091)
   defining Unicode char U+0444 (decimal 1092)
   defining Unicode char U+0445 (decimal 1093)
   defining Unicode char U+0446 (decimal 1094)
   defining Unicode char U+0447 (decimal 1095)
   defining Unicode char U+0448 (decimal 1096)
   defining Unicode char U+0449 (decimal 1097)
   defining Unicode char U+044A (decimal 1098)
   defining Unicode char U+044B (decimal 1099)
   defining Unicode char U+044C (decimal 1100)
   defining Unicode char U+044D (decimal 1101)
   defining Unicode char U+044E (decimal 1102)
   defining Unicode char U+044F (decimal 1103)
   defining Unicode char U+0450 (decimal 1104)
   defining Unicode char U+0451 (decimal 1105)
   defining Unicode char U+0452 (decimal 1106)
   defining Unicode char U+0453 (decimal 1107)
   defining Unicode char U+0454 (decimal 1108)
   defining Unicode char U+0455 (decimal 1109)
   defining Unicode char U+0456 (decimal 1110)
   defining Unicode char U+0457 (decimal 1111)
   defining Unicode char U+0458 (decimal 1112)
   defining Unicode char U+0459 (decimal 1113)
   defining Unicode char U+045A (decimal 1114)
   defining Unicode char U+045B (decimal 1115)
   defining Unicode char U+045C (decimal 1116)
   defining Unicode char U+045D (decimal 1117)
   defining Unicode char U+045E (decimal 1118)
   defining Unicode char U+045F (decimal 1119)
   defining Unicode char U+0490 (decimal 1168)
   defining Unicode char U+0491 (decimal 1169)
   defining Unicode char U+0492 (decimal 1170)
   defining Unicode char U+0493 (decimal 1171)
   defining Unicode char U+0496 (decimal 1174)
   defining Unicode char U+0497 (decimal 1175)
   defining Unicode char U+0498 (decimal 1176)
   defining Unicode char U+0499 (decimal 1177)
   defining Unicode char U+049A (decimal 1178)
   defining Unicode char U+049B (decimal 1179)
   defining Unicode char U+049C (decimal 1180)
   defining Unicode char U+049D (decimal 1181)
   defining Unicode char U+04A0 (decimal 1184)
   defining Unicode char U+04A1 (decimal 1185)
   defining Unicode char U+04A2 (decimal 1186)
   defining Unicode char U+04A3 (decimal 1187)
   defining Unicode char U+04A4 (decimal 1188)
   defining Unicode char U+04A5 (decimal 1189)
   defining Unicode char U+04AA (decimal 1194)
   defining Unicode char U+04AB (decimal 1195)
   defining Unicode char U+04AE (decimal 1198)
   defining Unicode char U+04AF (decimal 1199)
   defining Unicode char U+04B0 (decimal 1200)
   defining Unicode char U+04B1 (decimal 1201)
   defining Unicode char U+04B2 (decimal 1202)
   defining Unicode char U+04B3 (decimal 1203)
   defining Unicode char U+04B6 (decimal 1206)
   defining Unicode char U+04B7 (decimal 1207)
   defining Unicode char U+04B8 (decimal 1208)
   defining Unicode char U+04B9 (decimal 1209)
   defining Unicode char U+04BA (decimal 1210)
   defining Unicode char U+04BB (decimal 1211)
   defining Unicode char U+04C0 (decimal 1216)
   defining Unicode char U+04C1 (decimal 1217)
   defining Unicode char U+04C2 (decimal 1218)
   defining Unicode char U+04D0 (decimal 1232)
   defining Unicode char U+04D1 (decimal 1233)
   defining Unicode char U+04D2 (decimal 1234)
   defining Unicode char U+04D3 (decimal 1235)
   defining Unicode char U+04D4 (decimal 1236)
   defining Unicode char U+04D5 (decimal 1237)
   defining Unicode char U+04D6 (decimal 1238)
   defining Unicode char U+04D7 (decimal 1239)
   defining Unicode char U+04D8 (decimal 1240)
   defining Unicode char U+04D9 (decimal 1241)
   defining Unicode char U+04DA (decimal 1242)
   defining Unicode char U+04DB (decimal 1243)
   defining Unicode char U+04DC (decimal 1244)
   defining Unicode char U+04DD (decimal 1245)
   defining Unicode char U+04DE (decimal 1246)
   defining Unicode char U+04DF (decimal 1247)
   defining Unicode char U+04E2 (decimal 1250)
   defining Unicode char U+04E3 (decimal 1251)
   defining Unicode char U+04E4 (decimal 1252)
   defining Unicode char U+04E5 (decimal 1253)
   defining Unicode char U+04E6 (decimal 1254)
   defining Unicode char U+04E7 (decimal 1255)
   defining Unicode char U+04E8 (decimal 1256)
   defining Unicode char U+04E9 (decimal 1257)
   defining Unicode char U+04EC (decimal 1260)
   defining Unicode char U+04ED (decimal 1261)
   defining Unicode char U+04EE (decimal 1262)
   defining Unicode char U+04EF (decimal 1263)
   defining Unicode char U+04F0 (decimal 1264)
   defining Unicode char U+04F1 (decimal 1265)
   defining Unicode char U+04F2 (decimal 1266)
   defining Unicode char U+04F3 (decimal 1267)
   defining Unicode char U+04F4 (decimal 1268)
   defining Unicode char U+04F5 (decimal 1269)
   defining Unicode char U+04F8 (decimal 1272)
   defining Unicode char U+04F9 (decimal 1273)
   defining Unicode char U+200C (decimal 8204)
   defining Unicode char U+2013 (decimal 8211)
   defining Unicode char U+2014 (decimal 8212)
   defining Unicode char U+2018 (decimal 8216)
   defining Unicode char U+2019 (decimal 8217)
   defining Unicode char U+201C (decimal 8220)
   defining Unicode char U+201D (decimal 8221)
   defining Unicode char U+201E (decimal 8222)
   defining Unicode char U+2030 (decimal 8240)
   defining Unicode char U+2031 (decimal 8241)
   defining Unicode char U+2116 (decimal 8470)
   defining Unicode char U+2329 (decimal 9001)
   defining Unicode char U+232A (decimal 9002)
   defining Unicode char U+2423 (decimal 9251)
   defining Unicode char U+27E8 (decimal 10216)
   defining Unicode char U+27E9 (decimal 10217)
   defining Unicode char U+FB00 (decimal 64256)
   defining Unicode char U+FB01 (decimal 64257)
   defining Unicode char U+FB02 (decimal 64258)
   defining Unicode char U+FB03 (decimal 64259)
   defining Unicode char U+FB04 (decimal 64260)
   defining Unicode char U+FB05 (decimal 64261)
   defining Unicode char U+FB06 (decimal 64262)
))
LaTeX Font Info:    Trying to load font information for T2A+cmr on input line 1
12.

(C:\Users\–í–∞–ª–µ—Ä–∏–π\AppData\Local\Programs\MiKTeX\tex/latex/cyrillic\t2acm
r.fd
File: t2acmr.fd 2001/08/11 v1.0a Computer Modern Cyrillic font definitions
)<<t2a.cmap>>)
(C:\Users\–í–∞–ª–µ—Ä–∏–π\AppData\Local\Programs\MiKTeX\tex/latex/base\inputenc.
sty
Package: inputenc 2020/08/01 v1.3d Input encoding file
\inpenc@prehook=\toks15
\inpenc@posthook=\toks16
)
(C:\Users\–í–∞–ª–µ—Ä–∏–π\AppData\Local\Programs\MiKTeX\tex/generic/babel\babel.
sty
Package: babel 2021/01/26 3.53 The Babel package

(C:\Users\–í–∞–ª–µ—Ä–∏–π\AppData\Local\Programs\MiKTeX\tex/generic/babel\babel.
def
File: babel.def 2021/01/26 3.53 Babel common definitions
\babel@savecnt=\count187
\U@D=\dimen139
\l@babelnohyphens=\language79

(C:\Users\–í–∞–ª–µ—Ä–∏–π\AppData\Local\Programs\MiKTeX\tex/generic/babel\txtbab
el.def)
\bbl@readstream=\read2
)
\bbl@dirlevel=\count188

*************************************
* Local config file bblopts.cfg used
*

(C:\Users\–í–∞–ª–µ—Ä–∏–π\AppData\Local\Programs\MiKTeX\tex/latex/arabi\bblopts.
cfg
File: bblopts.cfg 2005/09/08 v0.1 add Arabic and Farsi to "declared" options of
 babel
)
(C:\Users\–í–∞–ª–µ—Ä–∏–π\AppData\Local\Programs\MiKTeX\tex/latex/babel-english\
english.ldf
Language: english 2017/06/06 v3.3r English support from the babel system
Package babel Info: \l@canadian = using hyphenrules for english
(babel)             (\language0) on input line 102.
Package babel Info: \l@australian = using hyphenrules for ukenglish
(babel)             (\language73) on input line 105.
Package babel Info: \l@newzealand = using hyphenrules for ukenglish
(babel)             (\language73) on input line 108.
)
(C:\Users\–í–∞–ª–µ—Ä–∏–π\AppData\Local\Programs\MiKTeX\tex/latex/babel-russian\
russianb.ldf
File: russianb.ldf 2021/01/10 1.3m Russian support for the Babel system
Language: russian 2020/09/09 1.3k Russian support for the Babel system
Package babel Info: Making " an active character on input line 124.
Package babel Info: Default for \cyrdash is provided on input line 163.
))
(C:\Users\–í–∞–ª–µ—Ä–∏–π\AppData\Local\Programs\MiKTeX\tex/latex/geometry\geome
try.sty
Package: geometry 2020/01/02 v5.9 Page Geometry

(C:\Users\–í–∞–ª–µ—Ä–∏–π\AppData\Local\Programs\MiKTeX\tex/latex/graphics\keyva
l.sty
Package: keyval 2014/10/28 v1.15 key=value parser (DPC)
\KV@toks@=\toks17
)
(C:\Users\–í–∞–ª–µ—Ä–∏–π\AppData\Local\Programs\MiKTeX\tex/generic/iftex\ifvtex
.sty
Package: ifvtex 2019/10/25 v1.7 ifvtex legacy package. Use iftex instead.

(C:\Users\–í–∞–ª–µ—Ä–∏–π\AppData\Local\Programs\MiKTeX\tex/generic/iftex\iftex.
sty
Package: iftex 2020/03/06 v1.0d TeX engine tests
))
\Gm@cnth=\count189
\Gm@cntv=\count190
\c@Gm@tempcnt=\count191
\Gm@bindingoffset=\dimen140
\Gm@wd@mp=\dimen141
\Gm@odd@mp=\dimen142
\Gm@even@mp=\dimen143
\Gm@layoutwidth=\dimen144
\Gm@layoutheight=\dimen145
\Gm@layouthoffset=\dimen146
\Gm@layoutvoffset=\dimen147
\Gm@dimlist=\toks18

(C:\Users\–í–∞–ª–µ—Ä–∏–π\AppData\Local\Programs\MiKTeX\tex/latex/geometry\geome
try.cfg))
(C:\Users\–í–∞–ª–µ—Ä–∏–π\AppData\Local\Programs\MiKTeX\tex/latex/graphics\graph
icx.sty
Package: graphicx 2020/09/09 v1.2b Enhanced LaTeX Graphics (DPC,SPQR)

(C:\Users\–í–∞–ª–µ—Ä–∏–π\AppData\Local\Programs\MiKTeX\tex/latex/graphics\graph
ics.sty
Package: graphics 2020/08/30 v1.4c Standard LaTeX Graphics (DPC,SPQR)

(C:\Users\–í–∞–ª–µ—Ä–∏–π\AppData\Local\Programs\MiKTeX\tex/latex/graphics\trig.
sty
Package: trig 2016/01/03 v1.10 sin cos tan (DPC)
)
(C:\Users\–í–∞–ª–µ—Ä–∏–π\AppData\Local\Programs\MiKTeX\tex/latex/graphics-cfg\g
raphics.cfg
File: graphics.cfg 2016/06/04 v1.11 sample graphics configuration
)
Package graphics Info: Driver file: pdftex.def on input line 105.

(C:\Users\–í–∞–ª–µ—Ä–∏–π\AppData\Local\Programs\MiKTeX\tex/latex/graphics-def\p
dftex.def
File: pdftex.def 2020/10/05 v1.2a Graphics/color driver for pdftex
))
\Gin@req@height=\dimen148
\Gin@req@width=\dimen149
)
(C:\Users\–í–∞–ª–µ—Ä–∏–π\AppData\Local\Programs\MiKTeX\tex/latex/float\float.st
y
Package: float 2001/11/08 v1.3d Float enhancements (AL)
\c@float@type=\count192
\float@exts=\toks19
\float@box=\box47
\@float@everytoks=\toks20
\@floatcapt=\box48
)
(C:\Users\–í–∞–ª–µ—Ä–∏–π\AppData\Local\Programs\MiKTeX\tex/latex/wrapfig\wrapfi
g.sty
\wrapoverhang=\dimen150
\WF@size=\dimen151
\c@WF@wrappedlines=\count193
\WF@box=\box49
\WF@everypar=\toks21
Package: wrapfig 2003/01/31  v 3.6
)
(C:\Users\–í–∞–ª–µ—Ä–∏–π\AppData\Local\Programs\MiKTeX\tex/latex/parskip\parski
p.sty
Package: parskip 2020-06-15 v2.0f non-zero parskip adjustments

(C:\Users\–í–∞–ª–µ—Ä–∏–π\AppData\Local\Programs\MiKTeX\tex/latex/kvoptions\kvop
tions.sty
Package: kvoptions 2020-10-07 v3.14 Key value format for package options (HO)

(C:\Users\–í–∞–ª–µ—Ä–∏–π\AppData\Local\Programs\MiKTeX\tex/generic/ltxcmds\ltxc
mds.sty
Package: ltxcmds 2020-05-10 v1.25 LaTeX kernel commands for general use (HO)
)
(C:\Users\–í–∞–ª–µ—Ä–∏–π\AppData\Local\Programs\MiKTeX\tex/generic/kvsetkeys\kv
setkeys.sty
Package: kvsetkeys 2019/12/15 v1.18 Key value parser (HO)
))
(C:\Users\–í–∞–ª–µ—Ä–∏–π\AppData\Local\Programs\MiKTeX\tex/latex/etoolbox\etool
box.sty
Package: etoolbox 2020/10/05 v2.5k e-TeX tools for LaTeX (JAW)
\etb@tempcnta=\count194
))
(C:\Users\–í–∞–ª–µ—Ä–∏–π\AppData\Local\Programs\MiKTeX\tex/latex/t2\mathtext.st
y
Package: mathtext 2018/04/13 v1.1 transparent text-and-math defs
LaTeX Info: Redefining \halign on input line 119.
)
(C:\Users\–í–∞–ª–µ—Ä–∏–π\AppData\Local\Programs\MiKTeX\tex/latex/l3backend\l3ba
ckend-pdftex.def
File: l3backend-pdftex.def 2021-02-18 L3 backend support: PDF output (pdfTeX)
\l__color_backend_stack_int=\count195
\l__pdf_internal_box=\box50
)
(C:\Users\–í–∞–ª–µ—Ä–∏–π\Desktop\gitFolder\Lab2021\Electr\Lab2\built\1.1.aux)
\openout1 = `1.1.aux'.

LaTeX Font Info:    Checking defaults for OML/cmm/m/it on input line 25.
LaTeX Font Info:    ... okay on input line 25.
LaTeX Font Info:    Checking defaults for OMS/cmsy/m/n on input line 25.
LaTeX Font Info:    ... okay on input line 25.
LaTeX Font Info:    Checking defaults for OT1/cmr/m/n on input line 25.
LaTeX Font Info:    ... okay on input line 25.
LaTeX Font Info:    Checking defaults for T1/cmr/m/n on input line 25.
LaTeX Font Info:    ... okay on input line 25.
LaTeX Font Info:    Checking defaults for TS1/cmr/m/n on input line 25.
LaTeX Font Info:    ... okay on input line 25.
LaTeX Font Info:    Checking defaults for OMX/cmex/m/n on input line 25.
LaTeX Font Info:    ... okay on input line 25.
LaTeX Font Info:    Checking defaults for U/cmr/m/n on input line 25.
LaTeX Font Info:    ... okay on input line 25.
LaTeX Font Info:    Checking defaults for T2A/cmr/m/n on input line 25.
LaTeX Font Info:    ... okay on input line 25.
LaTeX Info: Redefining \th on input line 25.

*geometry* driver: auto-detecting
*geometry* detected driver: pdftex
*geometry* verbose mode - [ preamble ] result:
* driver: pdftex
* paper: a4paper
* layout: <same size as paper>
* layoutoffset:(h,v)=(0.0pt,0.0pt)
* modes: 
* h-part:(L,W,R)=(56.9055pt, 483.69687pt, 56.9055pt)
* v-part:(T,H,B)=(56.9055pt, 731.23584pt, 56.9055pt)
* \paperwidth=597.50787pt
* \paperheight=845.04684pt
* \textwidth=483.69687pt
* \textheight=731.23584pt
* \oddsidemargin=-15.36449pt
* \evensidemargin=-15.36449pt
* \topmargin=-52.36449pt
* \headheight=12.0pt
* \headsep=25.0pt
* \topskip=12.0pt
* \footskip=30.0pt
* \marginparwidth=35.0pt
* \marginparsep=10.0pt
* \columnsep=10.0pt
* \skip\footins=10.8pt plus 4.0pt minus 2.0pt
* \hoffset=0.0pt
* \voffset=0.0pt
* \mag=1000
* \@twocolumnfalse
* \@twosidefalse
* \@mparswitchfalse
* \@reversemarginfalse
* (1in=72.27pt=25.4mm, 1cm=28.453pt)


(C:\Users\–í–∞–ª–µ—Ä–∏–π\AppData\Local\Programs\MiKTeX\tex/context/base/mkii\su
pp-pdf.mkii
[Loading MPS to PDF converter (version 2006.09.02).]
\scratchcounter=\count196
\scratchdimen=\dimen152
\scratchbox=\box51
\nofMPsegments=\count197
\nofMParguments=\count198
\everyMPshowfont=\toks22
\MPscratchCnt=\count199
\MPscratchDim=\dimen153
\MPnumerator=\count266
\makeMPintoPDFobject=\count267
\everyMPtoPDFconversion=\toks23
)
(C:\Users\–í–∞–ª–µ—Ä–∏–π\AppData\Local\Programs\MiKTeX\tex/latex/epstopdf-pkg\e
pstopdf-base.sty
Package: epstopdf-base 2020-01-24 v2.11 Base part for package epstopdf
Package epstopdf-base Info: Redefining graphics rule for `.eps' on input line 4
85.
) (–ù–∞—á–∞–ª–æ.tex<<ot1.cmap>><<oml.cmap>><<oms.cmap>>
LaTeX Font Info:    External font `cmex10' loaded for size
(Font)              <12> on input line 21.
<<omx.cmap>>
LaTeX Font Info:    External font `cmex10' loaded for size
(Font)              <8> on input line 21.
LaTeX Font Info:    External font `cmex10' loaded for size
(Font)              <6> on input line 21.
)
(C:\Users\–í–∞–ª–µ—Ä–∏–π\Desktop\gitFolder\Lab2021\Electr\Lab2\built\1.1.toc
[1

{C:/Users/–í–∞–ª–µ—Ä–∏–π/AppData/Local/MiKTeX/pdftex/config/pdftex.map}]
Overfull \hbox (5.9729pt too wide) in paragraph at lines 19--19
 [][] []\T2A/cmr/m/n/12 Œ·ÓÓÚÌËÈ Ú‡ ÌÂÓ·Ó-ÓÚ-ÌËÈ ÂÎÂÍ-ÚË˜-ÌËÈ ÔÓ·iÈ $\OML/c
mm/m/it/12 p$\T2A/cmr/m/n/12 $\OML/cmm/m/it/12 n$\T2A/cmr/m/n/12 -ÔÂÂıÓ‰Û. ¬¿
’ ÒÚ‡-·iÎiÚÓ- 
 []

)
\tf@toc=\write3
\openout3 = `1.1.toc'.

 [2] (–¢–µ—Ä–º—ñ–Ω–æ–ª–æ–≥—ñ—è.tex) [3]
(–í—Å—Ç—É–ø –¥–æ –ø—Ä–∞–∫—Ç–∏—á–Ω–æ—ó —á–∞—Å—Ç–∏–Ω–∏.tex
<–°—Ö–µ–º–∞.png, id=27, 470.25688pt x 280.54813pt>
File: –°—Ö–µ–º–∞.png Graphic file (type png)
<use –°—Ö–µ–º–∞.png>
Package pdftex.def Info: –°—Ö–µ–º–∞.png  used on input line 12.
(pdftex.def)             Requested size: 386.95897pt x 230.85573pt.
) [4 <./–°—Ö–µ–º–∞.png>] (–î—ñ–æ–¥ 1.tex
<–î—ñ–æ–¥1–°—Ö–µ–º–∞.png, id=33, 490.83376pt x 291.0875pt>
File: –î—ñ–æ–¥1–°—Ö–µ–º–∞.png Graphic file (type png)
<use –î—ñ–æ–¥1–°—Ö–µ–º–∞.png>
Package pdftex.def Info: –î—ñ–æ–¥1–°—Ö–µ–º–∞.png  used on input line 5.
(pdftex.def)             Requested size: 290.22107pt x 172.11766pt.
<–î—ñ–æ–¥1–û—Å—Ü–∏–ª–æ–≥—Ä–∞—Ñ.png, id=34, 774.39313pt x 426.59375pt>
File: –î—ñ–æ–¥1–û—Å—Ü–∏–ª–æ–≥—Ä–∞—Ñ.png Graphic file (type png)
<use –î—ñ–æ–¥1–û—Å—Ü–∏–ª–æ–≥—Ä–∞—Ñ.png>
Package pdftex.def Info: –î—ñ–æ–¥1–û—Å—Ü–∏–ª–æ–≥—Ä–∞—Ñ.png  used on input line 
17.
(pdftex.def)             Requested size: 362.77264pt x 199.84164pt.
<–î—ñ–æ–¥1–†–µ–∑.png, id=35, 161.60374pt x 54.2025pt>
File: –î—ñ–æ–¥1–†–µ–∑.png Graphic file (type png)
<use –î—ñ–æ–¥1–†–µ–∑.png>
Package pdftex.def Info: –î—ñ–æ–¥1–†–µ–∑.png  used on input line 29.
(pdftex.def)             Requested size: 145.11053pt x 48.67345pt.
) [5 <./–î—ñ–æ–¥1–°—Ö–µ–º–∞.png> <./–î—ñ–æ–¥1–û—Å—Ü–∏–ª–æ–≥—Ä–∞—Ñ.png> <./–î—ñ–
æ–¥1–†–µ–∑.png>] (–î—ñ–æ–¥ 2.tex
<–î—ñ–æ–¥2–°—Ö–µ–º–∞.png, id=43, 461.22313pt x 277.53688pt>
File: –î—ñ–æ–¥2–°—Ö–µ–º–∞.png Graphic file (type png)
<use –î—ñ–æ–¥2–°—Ö–µ–º–∞.png>
Package pdftex.def Info: –î—ñ–æ–¥2–°—Ö–µ–º–∞.png  used on input line 5.
(pdftex.def)             Requested size: 290.22107pt x 174.6374pt.
<–î—ñ–æ–¥2–û—Å—Ü–∏–ª–æ–≥—Ä–∞—Ñ.png, id=44, 768.37062pt x 432.11438pt>
File: –î—ñ–æ–¥2–û—Å—Ü–∏–ª–æ–≥—Ä–∞—Ñ.png Graphic file (type png)
<use –î—ñ–æ–¥2–û—Å—Ü–∏–ª–æ–≥—Ä–∞—Ñ.png>
Package pdftex.def Info: –î—ñ–æ–¥2–û—Å—Ü–∏–ª–æ–≥—Ä–∞—Ñ.png  used on input line 
17.
(pdftex.def)             Requested size: 362.77264pt x 204.01688pt.
<–î—ñ–æ–¥2–†–µ–∑.png, id=45, 158.5925pt x 53.19875pt>
File: –î—ñ–æ–¥2–†–µ–∑.png Graphic file (type png)
<use –î—ñ–æ–¥2–†–µ–∑.png>
Package pdftex.def Info: –î—ñ–æ–¥2–†–µ–∑.png  used on input line 29.
(pdftex.def)             Requested size: 145.11053pt x 48.68042pt.
) [6 <./–î—ñ–æ–¥2–°—Ö–µ–º–∞.png> <./–î—ñ–æ–¥2–û—Å—Ü–∏–ª–æ–≥—Ä–∞—Ñ.png> <./–î—ñ–
æ–¥2–†–µ–∑.png>]
(–î—ñ–æ–¥ 3.tex
<–î—ñ–æ–¥3–°—Ö–µ–º–∞.png, id=52, 470.25688pt x 266.9975pt>
File: –î—ñ–æ–¥3–°—Ö–µ–º–∞.png Graphic file (type png)
<use –î—ñ–æ–¥3–°—Ö–µ–º–∞.png>
Package pdftex.def Info: –î—ñ–æ–¥3–°—Ö–µ–º–∞.png  used on input line 5.
(pdftex.def)             Requested size: 290.22107pt x 164.77895pt.
<–î—ñ–æ–¥3–û—Å—Ü–∏–ª–æ–≥—Ä–∞—Ñ.png, id=53, 772.8875pt x 435.6275pt>
File: –î—ñ–æ–¥3–û—Å—Ü–∏–ª–æ–≥—Ä–∞—Ñ.png Graphic file (type png)
<use –î—ñ–æ–¥3–û—Å—Ü–∏–ª–æ–≥—Ä–∞—Ñ.png>
Package pdftex.def Info: –î—ñ–æ–¥3–û—Å—Ü–∏–ª–æ–≥—Ä–∞—Ñ.png  used on input line 
17.
(pdftex.def)             Requested size: 362.77264pt x 204.47241pt.
<–î—ñ–æ–¥3–†–µ–∑.png, id=54, 160.09813pt x 62.2325pt>
File: –î—ñ–æ–¥3–†–µ–∑.png Graphic file (type png)
<use –î—ñ–æ–¥3–†–µ–∑.png>
Package pdftex.def Info: –î—ñ–æ–¥3–†–µ–∑.png  used on input line 29.
(pdftex.def)             Requested size: 145.11053pt x 56.40755pt.
) [7 <./–î—ñ–æ–¥3–°—Ö–µ–º–∞.png> <./–î—ñ–æ–¥3–û—Å—Ü–∏–ª–æ–≥—Ä–∞—Ñ.png> <./–î—ñ–
æ–¥3–†–µ–∑.png>] (–ê—Ä–¥—É–∏–Ω–æ.tex
<–ê—Ä–¥—É–∏–Ω–æ–°—Ö–µ–º–∞.png, id=62, 478.78876pt x 356.83313pt>
File: –ê—Ä–¥—É–∏–Ω–æ–°—Ö–µ–º–∞.png Graphic file (type png)
<use –ê—Ä–¥—É–∏–Ω–æ–°—Ö–µ–º–∞.png>
Package pdftex.def Info: –ê—Ä–¥—É–∏–Ω–æ–°—Ö–µ–º–∞.png  used on input line 6.
(pdftex.def)             Requested size: 290.22107pt x 216.29578pt.
<–ê—Ä–¥—É–∏–Ω–æ1.png, id=63, 1003.75pt x 501.875pt>
File: –ê—Ä–¥—É–∏–Ω–æ1.png Graphic file (type png)
<use –ê—Ä–¥—É–∏–Ω–æ1.png>
Package pdftex.def Info: –ê—Ä–¥—É–∏–Ω–æ1.png  used on input line 19.
(pdftex.def)             Requested size: 386.95897pt x 193.479pt.
) [8 <./–ê—Ä–¥—É–∏–Ω–æ–°—Ö–µ–º–∞.png> <./–ê—Ä–¥—É–∏–Ω–æ1.png>] (–ö–æ–Ω—Ç—Ä–æ–ª—
å–Ω—ñ.tex
LaTeX Font Info:    External font `cmex10' loaded for size
(Font)              <14.4> on input line 1.
LaTeX Font Info:    External font `cmex10' loaded for size
(Font)              <7> on input line 1.
 [9])
(–õ—ñ—Ç–µ—Ä–∞—Ç—É—Ä–∞.tex [10]) [11]
(C:\Users\–í–∞–ª–µ—Ä–∏–π\Desktop\gitFolder\Lab2021\Electr\Lab2\built\1.1.aux) )
 
Here is how much of TeX's memory you used:
 4287 strings out of 479334
 63322 string characters out of 2852809
 377397 words of memory out of 3000000
 21598 multiletter control sequences out of 15000+200000
 416885 words of font info for 51 fonts, out of 3000000 for 9000
 1141 hyphenation exceptions out of 8191
 68i,6n,74p,969b,270s stack positions out of 5000i,500n,10000p,200000b,50000s
 <C:\Users\–í–∞–ª–µ—Ä–∏–π\AppData\Local\MiKTeX\fonts/pk/ljfour/lh/lh-t2a/dpi600
\lati1200.pk> <C:\Users\–í–∞–ª–µ—Ä–∏–π\AppData\Local\MiKTeX\fonts/pk/ljfour/lh/
lh-t2a/dpi600\labx1440.pk> <C:\Users\–í–∞–ª–µ—Ä–∏–π\AppData\Local\MiKTeX\fonts/
pk/ljfour/lh/lh-t2a/dpi600\labx1200.pk> <C:\Users\–í–∞–ª–µ—Ä–∏–π\AppData\Local\
MiKTeX\fonts/pk/ljfour/lh/lh-t2a/dpi600\labx1728.pk> <C:\Users\–í–∞–ª–µ—Ä–∏–π\A
ppData\Local\MiKTeX\fonts/pk/ljfour/lh/lh-t2a/dpi600\larm1200.pk> <C:\Users\–í–
∞–ª–µ—Ä–∏–π\AppData\Local\MiKTeX\fonts/pk/ljfour/lh/lh-t2a/dpi600\larm1440.pk> 
<C:\Users\–í–∞–ª–µ—Ä–∏–π\AppData\Local\MiKTeX\fonts/pk/ljfour/lh/lh-t2a/dpi600\
lati1440.pk> <C:\Users\–í–∞–ª–µ—Ä–∏–π\AppData\Local\MiKTeX\fonts/pk/ljfour/lh/l
h-t2a/dpi600\labx2488.pk> <C:\Users\–í–∞–ª–µ—Ä–∏–π\AppData\Local\MiKTeX\fonts/p
k/ljfour/lh/lh-t2a/dpi600\lacc1728.pk><C:/Users/–í–∞–ª–µ—Ä–∏–π/AppData/Local/Pr
ograms/MiKTeX/fonts/type1/public/amsfonts/cm/cmmi12.pfb><C:/Users/–í–∞–ª–µ—Ä–∏–
π/AppData/Local/Programs/MiKTeX/fonts/type1/public/amsfonts/cm/cmmi6.pfb><C:/Us
ers/–í–∞–ª–µ—Ä–∏–π/AppData/Local/Programs/MiKTeX/fonts/type1/public/amsfonts/cm
/cmmi8.pfb><C:/Users/–í–∞–ª–µ—Ä–∏–π/AppData/Local/Programs/MiKTeX/fonts/type1/p
ublic/amsfonts/cm/cmr12.pfb><C:/Users/–í–∞–ª–µ—Ä–∏–π/AppData/Local/Programs/MiK
TeX/fonts/type1/public/amsfonts/cm/cmr8.pfb><C:/Users/–í–∞–ª–µ—Ä–∏–π/AppData/Lo
cal/Programs/MiKTeX/fonts/type1/public/amsfonts/cm/cmsy10.pfb><C:/Users/–í–∞–ª–
µ—Ä–∏–π/AppData/Local/Programs/MiKTeX/fonts/type1/public/amsfonts/cm/cmsy8.pfb>

Output written on C:\Users\–í–∞–ª–µ—Ä–∏–π\Desktop\gitFolder\Lab2021\Electr\Lab2
\built\1.1.pdf (11 pages, 685344 bytes).
PDF statistics:
 450 PDF objects out of 1000 (max. 8388607)
 0 named destinations out of 1000 (max. 500000)
 81 words of extra memory for PDF output out of 10000 (max. 10000000)

