This is pdfTeX, Version 3.141592653-2.6-1.40.22 (MiKTeX 21.2) (preloaded format=pdflatex 2021.2.24)  3 MAR 2021 02:14
entering extended mode
**./–ö–æ–Ω—Ç—Ä–æ–ª—å–Ω—ñ.tex
(–ö–æ–Ω—Ç—Ä–æ–ª—å–Ω—ñ.tex
LaTeX2e <2020-10-01> patch level 4
L3 programming layer <2021-02-18> xparse <2020-03-03>
–ö–æ–Ω—Ç—Ä–æ–ª—å–Ω—ñ.tex:1: Undefined control sequence.
l.1 \subsection
               {–ù–∞–ø—ñ–≤–ø—Ä–æ–≤—ñ–¥–Ω–∏–∫–∏ $n$‚Äì —Ç–∞ $p$‚Äì—Ç–∏–ø—É. –...
The control sequence at the end of the top line
of your error message was never \def'ed. If you have
misspelled it (e.g., `\hobx'), type `I' and the correct
spelling (e.g., `I\hbox'). Otherwise just continue,
and I'll forget about whatever was undefined.


–ö–æ–Ω—Ç—Ä–æ–ª—å–Ω—ñ.tex:1: Package inputenc Error: Unicode character –ù (U+041
D)
(inputenc)                not set up for use with LaTeX.

See the inputenc package documentation for explanation.
Type  H <return>  for immediate help.
 ...                                              
                                                  
l.1 \subsection{–ù
                  –∞–ø—ñ–≤–ø—Ä–æ–≤—ñ–¥–Ω–∏–∫–∏ $n$‚Äì —Ç–∞ $p$‚Äì—Ç–∏–ø—É. –...

You may provide a definition with
\DeclareUnicodeCharacter 


–ö–æ–Ω—Ç—Ä–æ–ª—å–Ω—ñ.tex:1: Package inputenc Error: Unicode character –∞ (U+043
0)
(inputenc)                not set up for use with LaTeX.

See the inputenc package documentation for explanation.
Type  H <return>  for immediate help.
 ...                                              
                                                  
l.1 \subsection{–ù–∞
                    –ø—ñ–≤–ø—Ä–æ–≤—ñ–¥–Ω–∏–∫–∏ $n$‚Äì —Ç–∞ $p$‚Äì—Ç–∏–ø—É. –...

You may provide a definition with
\DeclareUnicodeCharacter 


–ö–æ–Ω—Ç—Ä–æ–ª—å–Ω—ñ.tex:1: Package inputenc Error: Unicode character –ø (U+043
F)
(inputenc)                not set up for use with LaTeX.

See the inputenc package documentation for explanation.
Type  H <return>  for immediate help.
 ...                                              
                                                  
l.1 \subsection{–ù–∞–ø
                      —ñ–≤–ø—Ä–æ–≤—ñ–¥–Ω–∏–∫–∏ $n$‚Äì —Ç–∞ $p$‚Äì—Ç–∏–ø—É. –...

You may provide a definition with
\DeclareUnicodeCharacter 


–ö–æ–Ω—Ç—Ä–æ–ª—å–Ω—ñ.tex:1: Package inputenc Error: Unicode character —ñ (U+045
6)
(inputenc)                not set up for use with LaTeX.

See the inputenc package documentation for explanation.
Type  H <return>  for immediate help.
 ...                                              
                                                  
l.1 \subsection{–ù–∞–ø—ñ
                        –≤–ø—Ä–æ–≤—ñ–¥–Ω–∏–∫–∏ $n$‚Äì —Ç–∞ $p$‚Äì—Ç–∏–ø—É. –...

You may provide a definition with
\DeclareUnicodeCharacter 


–ö–æ–Ω—Ç—Ä–æ–ª—å–Ω—ñ.tex:1: Package inputenc Error: Unicode character –≤ (U+043
2)
(inputenc)                not set up for use with LaTeX.

See the inputenc package documentation for explanation.
Type  H <return>  for immediate help.
 ...                                              
                                                  
l.1 \subsection{–ù–∞–ø—ñ–≤
                          –ø—Ä–æ–≤—ñ–¥–Ω–∏–∫–∏ $n$‚Äì —Ç–∞ $p$‚Äì—Ç–∏–ø—É. –...

You may provide a definition with
\DeclareUnicodeCharacter 


–ö–æ–Ω—Ç—Ä–æ–ª—å–Ω—ñ.tex:1: Package inputenc Error: Unicode character –ø (U+043
F)
(inputenc)                not set up for use with LaTeX.

See the inputenc package documentation for explanation.
Type  H <return>  for immediate help.
 ...                                              
                                                  
l.1 \subsection{–ù–∞–ø—ñ–≤–ø
                            —Ä–æ–≤—ñ–¥–Ω–∏–∫–∏ $n$‚Äì —Ç–∞ $p$‚Äì—Ç–∏–ø—É. –...

You may provide a definition with
\DeclareUnicodeCharacter 


–ö–æ–Ω—Ç—Ä–æ–ª—å–Ω—ñ.tex:1: Package inputenc Error: Unicode character —Ä (U+044
0)
(inputenc)                not set up for use with LaTeX.

See the inputenc package documentation for explanation.
Type  H <return>  for immediate help.
 ...                                              
                                                  
l.1 \subsection{–ù–∞–ø—ñ–≤–ø—Ä
                              –æ–≤—ñ–¥–Ω–∏–∫–∏ $n$‚Äì —Ç–∞ $p$‚Äì—Ç–∏–ø—É. –...

You may provide a definition with
\DeclareUnicodeCharacter 


–ö–æ–Ω—Ç—Ä–æ–ª—å–Ω—ñ.tex:1: Package inputenc Error: Unicode character –æ (U+043
E)
(inputenc)                not set up for use with LaTeX.

See the inputenc package documentation for explanation.
Type  H <return>  for immediate help.
 ...                                              
                                                  
l.1 \subsection{–ù–∞–ø—ñ–≤–ø—Ä–æ
                                –≤—ñ–¥–Ω–∏–∫–∏ $n$‚Äì —Ç–∞ $p$‚Äì—Ç–∏–ø—É. –...

You may provide a definition with
\DeclareUnicodeCharacter 


–ö–æ–Ω—Ç—Ä–æ–ª—å–Ω—ñ.tex:1: Package inputenc Error: Unicode character –≤ (U+043
2)
(inputenc)                not set up for use with LaTeX.

See the inputenc package documentation for explanation.
Type  H <return>  for immediate help.
 ...                                              
                                                  
l.1 \subsection{–ù–∞–ø—ñ–≤–ø—Ä–æ–≤
                                  —ñ–¥–Ω–∏–∫–∏ $n$‚Äì —Ç–∞ $p$‚Äì—Ç–∏–ø—É. –...

You may provide a definition with
\DeclareUnicodeCharacter 


–ö–æ–Ω—Ç—Ä–æ–ª—å–Ω—ñ.tex:1: Package inputenc Error: Unicode character —ñ (U+045
6)
(inputenc)                not set up for use with LaTeX.

See the inputenc package documentation for explanation.
Type  H <return>  for immediate help.
 ...                                              
                                                  
l.1 \subsection{–ù–∞–ø—ñ–≤–ø—Ä–æ–≤—ñ
                                    –¥–Ω–∏–∫–∏ $n$‚Äì —Ç–∞ $p$‚Äì—Ç–∏–ø—É. –...

You may provide a definition with
\DeclareUnicodeCharacter 


–ö–æ–Ω—Ç—Ä–æ–ª—å–Ω—ñ.tex:1: Package inputenc Error: Unicode character –¥ (U+043
4)
(inputenc)                not set up for use with LaTeX.

See the inputenc package documentation for explanation.
Type  H <return>  for immediate help.
 ...                                              
                                                  
l.1 \subsection{–ù–∞–ø—ñ–≤–ø—Ä–æ–≤—ñ–¥
                                      –Ω–∏–∫–∏ $n$‚Äì —Ç–∞ $p$‚Äì—Ç–∏–ø—É. –...

You may provide a definition with
\DeclareUnicodeCharacter 


–ö–æ–Ω—Ç—Ä–æ–ª—å–Ω—ñ.tex:1: Package inputenc Error: Unicode character –Ω (U+043
D)
(inputenc)                not set up for use with LaTeX.

See the inputenc package documentation for explanation.
Type  H <return>  for immediate help.
 ...                                              
                                                  
l.1 \subsection{–ù–∞–ø—ñ–≤–ø—Ä–æ–≤—ñ–¥–Ω
                                        –∏–∫–∏ $n$‚Äì —Ç–∞ $p$‚Äì—Ç–∏–ø—É. –...

You may provide a definition with
\DeclareUnicodeCharacter 


–ö–æ–Ω—Ç—Ä–æ–ª—å–Ω—ñ.tex:1: Package inputenc Error: Unicode character –∏ (U+043
8)
(inputenc)                not set up for use with LaTeX.

See the inputenc package documentation for explanation.
Type  H <return>  for immediate help.
 ...                                              
                                                  
l.1 \subsection{–ù–∞–ø—ñ–≤–ø—Ä–æ–≤—ñ–¥–Ω–∏
                                          –∫–∏ $n$‚Äì —Ç–∞ $p$‚Äì—Ç–∏–ø—É. –...

You may provide a definition with
\DeclareUnicodeCharacter 


–ö–æ–Ω—Ç—Ä–æ–ª—å–Ω—ñ.tex:1: Package inputenc Error: Unicode character –∫ (U+043
A)
(inputenc)                not set up for use with LaTeX.

See the inputenc package documentation for explanation.
Type  H <return>  for immediate help.
 ...                                              
                                                  
l.1 \subsection{–ù–∞–ø—ñ–≤–ø—Ä–æ–≤—ñ–¥–Ω–∏–∫
                                            –∏ $n$‚Äì —Ç–∞ $p$‚Äì—Ç–∏–ø—É. –...

You may provide a definition with
\DeclareUnicodeCharacter 


–ö–æ–Ω—Ç—Ä–æ–ª—å–Ω—ñ.tex:1: Package inputenc Error: Unicode character –∏ (U+043
8)
(inputenc)                not set up for use with LaTeX.

See the inputenc package documentation for explanation.
Type  H <return>  for immediate help.
 ...                                              
                                                  
l.1 \subsection{–ù–∞–ø—ñ–≤–ø—Ä–æ–≤—ñ–¥–Ω–∏–∫–∏
                                               $n$‚Äì —Ç–∞ $p$‚Äì—Ç–∏–ø—É. –...

You may provide a definition with
\DeclareUnicodeCharacter 


–ö–æ–Ω—Ç—Ä–æ–ª—å–Ω—ñ.tex:1: LaTeX Error: Missing \begin{document}.

See the LaTeX manual or LaTeX Companion for explanation.
Type  H <return>  for immediate help.
 ...                                              
                                                  
l.1 \subsection{–ù–∞–ø—ñ–≤–ø—Ä–æ–≤—ñ–¥–Ω–∏–∫–∏ $
                                                n$‚Äì —Ç–∞ $p$‚Äì—Ç–∏–ø—É. –...

You're in trouble here.  Try typing  <return>  to proceed.
If that doesn't work, type  X <return>  to quit.

LaTeX Font Info:    External font `cmex10' loaded for size
(Font)              <7> on input line 1.
LaTeX Font Info:    External font `cmex10' loaded for size
(Font)              <5> on input line 1.

–ö–æ–Ω—Ç—Ä–æ–ª—å–Ω—ñ.tex:1: Package inputenc Error: Unicode character —Ç (U+044
2)
(inputenc)                not set up for use with LaTeX.

See the inputenc package documentation for explanation.
Type  H <return>  for immediate help.
 ...                                              
                                                  
l.1 ...on{–ù–∞–ø—ñ–≤–ø—Ä–æ–≤—ñ–¥–Ω–∏–∫–∏ $n$‚Äì —Ç
                                                  –∞ $p$‚Äì—Ç–∏–ø—É. –û—Å–Ω–...

You may provide a definition with
\DeclareUnicodeCharacter 


–ö–æ–Ω—Ç—Ä–æ–ª—å–Ω—ñ.tex:1: Package inputenc Error: Unicode character –∞ (U+043
0)
(inputenc)                not set up for use with LaTeX.

See the inputenc package documentation for explanation.
Type  H <return>  for immediate help.
 ...                                              
                                                  
l.1 ...{–ù–∞–ø—ñ–≤–ø—Ä–æ–≤—ñ–¥–Ω–∏–∫–∏ $n$‚Äì —Ç–∞
                                                   $p$‚Äì—Ç–∏–ø—É. –û—Å–Ω–æ–...

You may provide a definition with
\DeclareUnicodeCharacter 


–ö–æ–Ω—Ç—Ä–æ–ª—å–Ω—ñ.tex:1: Package inputenc Error: Unicode character —Ç (U+044
2)
(inputenc)                not set up for use with LaTeX.

See the inputenc package documentation for explanation.
Type  H <return>  for immediate help.
 ...                                              
                                                  
l.1 ...–≤–ø—Ä–æ–≤—ñ–¥–Ω–∏–∫–∏ $n$‚Äì —Ç–∞ $p$‚Äì—Ç
                                                  –∏–ø—É. –û—Å–Ω–æ–≤–Ω—ñ —Ç–...

You may provide a definition with
\DeclareUnicodeCharacter 


–ö–æ–Ω—Ç—Ä–æ–ª—å–Ω—ñ.tex:1: Package inputenc Error: Unicode character –∏ (U+043
8)
(inputenc)                not set up for use with LaTeX.

See the inputenc package documentation for explanation.
Type  H <return>  for immediate help.
 ...                                              
                                                  
l.1 ...–ø—Ä–æ–≤—ñ–¥–Ω–∏–∫–∏ $n$‚Äì —Ç–∞ $p$‚Äì—Ç–∏
                                                  –ø—É. –û—Å–Ω–æ–≤–Ω—ñ —Ç–∞ ...

You may provide a definition with
\DeclareUnicodeCharacter 


–ö–æ–Ω—Ç—Ä–æ–ª—å–Ω—ñ.tex:1: Package inputenc Error: Unicode character –ø (U+043
F)
(inputenc)                not set up for use with LaTeX.

See the inputenc package documentation for explanation.
Type  H <return>  for immediate help.
 ...                                              
                                                  
l.1 ...—Ä–æ–≤—ñ–¥–Ω–∏–∫–∏ $n$‚Äì —Ç–∞ $p$‚Äì—Ç–∏–ø
                                                  —É. –û—Å–Ω–æ–≤–Ω—ñ —Ç–∞ –Ω...

You may provide a definition with
\DeclareUnicodeCharacter 


–ö–æ–Ω—Ç—Ä–æ–ª—å–Ω—ñ.tex:1: Package inputenc Error: Unicode character —É (U+044
3)
(inputenc)                not set up for use with LaTeX.

See the inputenc package documentation for explanation.
Type  H <return>  for immediate help.
 ...                                              
                                                  
l.1 ...–æ–≤—ñ–¥–Ω–∏–∫–∏ $n$‚Äì —Ç–∞ $p$‚Äì—Ç–∏–ø—É
                                                  . –û—Å–Ω–æ–≤–Ω—ñ —Ç–∞ –Ω–µ...

You may provide a definition with
\DeclareUnicodeCharacter 

Missing character: There is no . in font nullfont!

–ö–æ–Ω—Ç—Ä–æ–ª—å–Ω—ñ.tex:1: Package inputenc Error: Unicode character –û (U+041
E)
(inputenc)                not set up for use with LaTeX.

See the inputenc package documentation for explanation.
Type  H <return>  for immediate help.
 ...                                              
                                                  
l.1 ...—ñ–¥–Ω–∏–∫–∏ $n$‚Äì —Ç–∞ $p$‚Äì—Ç–∏–ø—É. –û
                                                  —Å–Ω–æ–≤–Ω—ñ —Ç–∞ –Ω–µ–æ—Å...

You may provide a definition with
\DeclareUnicodeCharacter 


–ö–æ–Ω—Ç—Ä–æ–ª—å–Ω—ñ.tex:1: Package inputenc Error: Unicode character —Å (U+044
1)
(inputenc)                not set up for use with LaTeX.

See the inputenc package documentation for explanation.
Type  H <return>  for immediate help.
 ...                                              
                                                  
l.1 ...–¥–Ω–∏–∫–∏ $n$‚Äì —Ç–∞ $p$‚Äì—Ç–∏–ø—É. –û—Å
                                                  –Ω–æ–≤–Ω—ñ —Ç–∞ –Ω–µ–æ—Å–Ω...

You may provide a definition with
\DeclareUnicodeCharacter 


–ö–æ–Ω—Ç—Ä–æ–ª—å–Ω—ñ.tex:1: Package inputenc Error: Unicode character –Ω (U+043
D)
(inputenc)                not set up for use with LaTeX.

See the inputenc package documentation for explanation.
Type  H <return>  for immediate help.
 ...                                              
                                                  
l.1 ...–Ω–∏–∫–∏ $n$‚Äì —Ç–∞ $p$‚Äì—Ç–∏–ø—É. –û—Å–Ω
                                                  –æ–≤–Ω—ñ —Ç–∞ –Ω–µ–æ—Å–Ω–æ...

You may provide a definition with
\DeclareUnicodeCharacter 


–ö–æ–Ω—Ç—Ä–æ–ª—å–Ω—ñ.tex:1: Package inputenc Error: Unicode character –æ (U+043
E)
(inputenc)                not set up for use with LaTeX.

See the inputenc package documentation for explanation.
Type  H <return>  for immediate help.
 ...                                              
                                                  
l.1 ...–∏–∫–∏ $n$‚Äì —Ç–∞ $p$‚Äì—Ç–∏–ø—É. –û—Å–Ω–æ
                                                  –≤–Ω—ñ —Ç–∞ –Ω–µ–æ—Å–Ω–æ–≤...

You may provide a definition with
\DeclareUnicodeCharacter 


–ö–æ–Ω—Ç—Ä–æ–ª—å–Ω—ñ.tex:1: Package inputenc Error: Unicode character –≤ (U+043
2)
(inputenc)                not set up for use with LaTeX.

See the inputenc package documentation for explanation.
Type  H <return>  for immediate help.
 ...                                              
                                                  
l.1 ...–∫–∏ $n$‚Äì —Ç–∞ $p$‚Äì—Ç–∏–ø—É. –û—Å–Ω–æ–≤
                                                  –Ω—ñ —Ç–∞ –Ω–µ–æ—Å–Ω–æ–≤–Ω...

You may provide a definition with
\DeclareUnicodeCharacter 


–ö–æ–Ω—Ç—Ä–æ–ª—å–Ω—ñ.tex:1: Package inputenc Error: Unicode character –Ω (U+043
D)
(inputenc)                not set up for use with LaTeX.

See the inputenc package documentation for explanation.
Type  H <return>  for immediate help.
 ...                                              
                                                  
l.1 ...–∏ $n$‚Äì —Ç–∞ $p$‚Äì—Ç–∏–ø—É. –û—Å–Ω–æ–≤–Ω
                                                  —ñ —Ç–∞ –Ω–µ–æ—Å–Ω–æ–≤–Ω—ñ...

You may provide a definition with
\DeclareUnicodeCharacter 


–ö–æ–Ω—Ç—Ä–æ–ª—å–Ω—ñ.tex:1: Package inputenc Error: Unicode character —ñ (U+045
6)
(inputenc)                not set up for use with LaTeX.

See the inputenc package documentation for explanation.
Type  H <return>  for immediate help.
 ...                                              
                                                  
l.1 ... $n$‚Äì —Ç–∞ $p$‚Äì—Ç–∏–ø—É. –û—Å–Ω–æ–≤–Ω—ñ
                                                   —Ç–∞ –Ω–µ–æ—Å–Ω–æ–≤–Ω—ñ –...

You may provide a definition with
\DeclareUnicodeCharacter 


–ö–æ–Ω—Ç—Ä–æ–ª—å–Ω—ñ.tex:1: Package inputenc Error: Unicode character —Ç (U+044
2)
(inputenc)                not set up for use with LaTeX.

See the inputenc package documentation for explanation.
Type  H <return>  for immediate help.
 ...                                              
                                                  
l.1 ...$‚Äì —Ç–∞ $p$‚Äì—Ç–∏–ø—É. –û—Å–Ω–æ–≤–Ω—ñ —Ç
                                                  –∞ –Ω–µ–æ—Å–Ω–æ–≤–Ω—ñ –Ω–æ...

You may provide a definition with
\DeclareUnicodeCharacter 


–ö–æ–Ω—Ç—Ä–æ–ª—å–Ω—ñ.tex:1: Package inputenc Error: Unicode character –∞ (U+043
0)
(inputenc)                not set up for use with LaTeX.

See the inputenc package documentation for explanation.
Type  H <return>  for immediate help.
 ...                                              
                                                  
l.1 ...Äì —Ç–∞ $p$‚Äì—Ç–∏–ø—É. –û—Å–Ω–æ–≤–Ω—ñ —Ç–∞
                                                   –Ω–µ–æ—Å–Ω–æ–≤–Ω—ñ –Ω–æ—Å...

You may provide a definition with
\DeclareUnicodeCharacter 


–ö–æ–Ω—Ç—Ä–æ–ª—å–Ω—ñ.tex:1: Package inputenc Error: Unicode character –Ω (U+043
D)
(inputenc)                not set up for use with LaTeX.

See the inputenc package documentation for explanation.
Type  H <return>  for immediate help.
 ...                                              
                                                  
l.1 ...—Ç–∞ $p$‚Äì—Ç–∏–ø—É. –û—Å–Ω–æ–≤–Ω—ñ —Ç–∞ –Ω
                                                  –µ–æ—Å–Ω–æ–≤–Ω—ñ –Ω–æ—Å—ñ—...

You may provide a definition with
\DeclareUnicodeCharacter 


–ö–æ–Ω—Ç—Ä–æ–ª—å–Ω—ñ.tex:1: Package inputenc Error: Unicode character –µ (U+043
5)
(inputenc)                not set up for use with LaTeX.

See the inputenc package documentation for explanation.
Type  H <return>  for immediate help.
 ...                                              
                                                  
l.1 ...–∞ $p$‚Äì—Ç–∏–ø—É. –û—Å–Ω–æ–≤–Ω—ñ —Ç–∞ –Ω–µ
                                                  –æ—Å–Ω–æ–≤–Ω—ñ –Ω–æ—Å—ñ—ó ...

You may provide a definition with
\DeclareUnicodeCharacter 


–ö–æ–Ω—Ç—Ä–æ–ª—å–Ω—ñ.tex:1: Package inputenc Error: Unicode character –æ (U+043
E)
(inputenc)                not set up for use with LaTeX.

See the inputenc package documentation for explanation.
Type  H <return>  for immediate help.
 ...                                              
                                                  
l.1 ... $p$‚Äì—Ç–∏–ø—É. –û—Å–Ω–æ–≤–Ω—ñ —Ç–∞ –Ω–µ–æ
                                                  —Å–Ω–æ–≤–Ω—ñ –Ω–æ—Å—ñ—ó –∑...

You may provide a definition with
\DeclareUnicodeCharacter 


–ö–æ–Ω—Ç—Ä–æ–ª—å–Ω—ñ.tex:1: Package inputenc Error: Unicode character —Å (U+044
1)
(inputenc)                not set up for use with LaTeX.

See the inputenc package documentation for explanation.
Type  H <return>  for immediate help.
 ...                                              
                                                  
l.1 ...p$‚Äì—Ç–∏–ø—É. –û—Å–Ω–æ–≤–Ω—ñ —Ç–∞ –Ω–µ–æ—Å
                                                  –Ω–æ–≤–Ω—ñ –Ω–æ—Å—ñ—ó –∑–∞...

You may provide a definition with
\DeclareUnicodeCharacter 


–ö–æ–Ω—Ç—Ä–æ–ª—å–Ω—ñ.tex:1: Package inputenc Error: Unicode character –Ω (U+043
D)
(inputenc)                not set up for use with LaTeX.

See the inputenc package documentation for explanation.
Type  H <return>  for immediate help.
 ...                                              
                                                  
l.1 ...‚Äì—Ç–∏–ø—É. –û—Å–Ω–æ–≤–Ω—ñ —Ç–∞ –Ω–µ–æ—Å–Ω
                                                  –æ–≤–Ω—ñ –Ω–æ—Å—ñ—ó –∑–∞—Ä...

You may provide a definition with
\DeclareUnicodeCharacter 


–ö–æ–Ω—Ç—Ä–æ–ª—å–Ω—ñ.tex:1: Package inputenc Error: Unicode character –æ (U+043
E)
(inputenc)                not set up for use with LaTeX.

See the inputenc package documentation for explanation.
Type  H <return>  for immediate help.
 ...                                              
                                                  
l.1 ...ì—Ç–∏–ø—É. –û—Å–Ω–æ–≤–Ω—ñ —Ç–∞ –Ω–µ–æ—Å–Ω–æ
                                                  –≤–Ω—ñ –Ω–æ—Å—ñ—ó –∑–∞—Ä—è...

You may provide a definition with
\DeclareUnicodeCharacter 


–ö–æ–Ω—Ç—Ä–æ–ª—å–Ω—ñ.tex:1: Package inputenc Error: Unicode character –≤ (U+043
2)
(inputenc)                not set up for use with LaTeX.

See the inputenc package documentation for explanation.
Type  H <return>  for immediate help.
 ...                                              
                                                  
l.1 ...Ç–∏–ø—É. –û—Å–Ω–æ–≤–Ω—ñ —Ç–∞ –Ω–µ–æ—Å–Ω–æ–≤
                                                  –Ω—ñ –Ω–æ—Å—ñ—ó –∑–∞—Ä—è–¥...

You may provide a definition with
\DeclareUnicodeCharacter 


–ö–æ–Ω—Ç—Ä–æ–ª—å–Ω—ñ.tex:1: Package inputenc Error: Unicode character –Ω (U+043
D)
(inputenc)                not set up for use with LaTeX.

See the inputenc package documentation for explanation.
Type  H <return>  for immediate help.
 ...                                              
                                                  
l.1 ...∏–ø—É. –û—Å–Ω–æ–≤–Ω—ñ —Ç–∞ –Ω–µ–æ—Å–Ω–æ–≤–Ω
                                                  —ñ –Ω–æ—Å—ñ—ó –∑–∞—Ä—è–¥—É...

You may provide a definition with
\DeclareUnicodeCharacter 


–ö–æ–Ω—Ç—Ä–æ–ª—å–Ω—ñ.tex:1: Package inputenc Error: Unicode character —ñ (U+045
6)
(inputenc)                not set up for use with LaTeX.

See the inputenc package documentation for explanation.
Type  H <return>  for immediate help.
 ...                                              
                                                  
l.1 ...ø—É. –û—Å–Ω–æ–≤–Ω—ñ —Ç–∞ –Ω–µ–æ—Å–Ω–æ–≤–Ω—ñ
                                                   –Ω–æ—Å—ñ—ó –∑–∞—Ä—è–¥—É –...

You may provide a definition with
\DeclareUnicodeCharacter 


–ö–æ–Ω—Ç—Ä–æ–ª—å–Ω—ñ.tex:1: Package inputenc Error: Unicode character –Ω (U+043
D)
(inputenc)                not set up for use with LaTeX.

See the inputenc package documentation for explanation.
Type  H <return>  for immediate help.
 ...                                              
                                                  
l.1 .... –û—Å–Ω–æ–≤–Ω—ñ —Ç–∞ –Ω–µ–æ—Å–Ω–æ–≤–Ω—ñ –Ω
                                                  –æ—Å—ñ—ó –∑–∞—Ä—è–¥—É –≤ —...

You may provide a definition with
\DeclareUnicodeCharacter 


–ö–æ–Ω—Ç—Ä–æ–ª—å–Ω—ñ.tex:1: Package inputenc Error: Unicode character –æ (U+043
E)
(inputenc)                not set up for use with LaTeX.

See the inputenc package documentation for explanation.
Type  H <return>  for immediate help.
 ...                                              
                                                  
l.1 ...–û—Å–Ω–æ–≤–Ω—ñ —Ç–∞ –Ω–µ–æ—Å–Ω–æ–≤–Ω—ñ –Ω–æ
                                                  —Å—ñ—ó –∑–∞—Ä—è–¥—É –≤ —Ç–...

You may provide a definition with
\DeclareUnicodeCharacter 


–ö–æ–Ω—Ç—Ä–æ–ª—å–Ω—ñ.tex:1: Package inputenc Error: Unicode character —Å (U+044
1)
(inputenc)                not set up for use with LaTeX.

See the inputenc package documentation for explanation.
Type  H <return>  for immediate help.
 ...                                              
                                                  
l.1 ...—Å–Ω–æ–≤–Ω—ñ —Ç–∞ –Ω–µ–æ—Å–Ω–æ–≤–Ω—ñ –Ω–æ—Å
                                                  —ñ—ó –∑–∞—Ä—è–¥—É –≤ —Ç–∞–...

You may provide a definition with
\DeclareUnicodeCharacter 


–ö–æ–Ω—Ç—Ä–æ–ª—å–Ω—ñ.tex:1: Package inputenc Error: Unicode character —ñ (U+045
6)
(inputenc)                not set up for use with LaTeX.

See the inputenc package documentation for explanation.
Type  H <return>  for immediate help.
 ...                                              
                                                  
l.1 ...–Ω–æ–≤–Ω—ñ —Ç–∞ –Ω–µ–æ—Å–Ω–æ–≤–Ω—ñ –Ω–æ—Å—ñ
                                                  —ó –∑–∞—Ä—è–¥—É –≤ —Ç–∞–∫–...

You may provide a definition with
\DeclareUnicodeCharacter 


–ö–æ–Ω—Ç—Ä–æ–ª—å–Ω—ñ.tex:1: Package inputenc Error: Unicode character —ó (U+045
7)
(inputenc)                not set up for use with LaTeX.

See the inputenc package documentation for explanation.
Type  H <return>  for immediate help.
 ...                                              
                                                  
l.1 ...–æ–≤–Ω—ñ —Ç–∞ –Ω–µ–æ—Å–Ω–æ–≤–Ω—ñ –Ω–æ—Å—ñ—ó
                                                   –∑–∞—Ä—è–¥—É –≤ —Ç–∞–∫–∏—...

You may provide a definition with
\DeclareUnicodeCharacter 


–ö–æ–Ω—Ç—Ä–æ–ª—å–Ω—ñ.tex:1: Package inputenc Error: Unicode character –∑ (U+043
7)
(inputenc)                not set up for use with LaTeX.

See the inputenc package documentation for explanation.
Type  H <return>  for immediate help.
 ...                                              
                                                  
l.1 ...≤–Ω—ñ —Ç–∞ –Ω–µ–æ—Å–Ω–æ–≤–Ω—ñ –Ω–æ—Å—ñ—ó –∑
                                                  –∞—Ä—è–¥—É –≤ —Ç–∞–∫–∏—Ö –...

You may provide a definition with
\DeclareUnicodeCharacter 


–ö–æ–Ω—Ç—Ä–æ–ª—å–Ω—ñ.tex:1: Package inputenc Error: Unicode character –∞ (U+043
0)
(inputenc)                not set up for use with LaTeX.

See the inputenc package documentation for explanation.
Type  H <return>  for immediate help.
 ...                                              
                                                  
l.1 ...Ω—ñ —Ç–∞ –Ω–µ–æ—Å–Ω–æ–≤–Ω—ñ –Ω–æ—Å—ñ—ó –∑–∞
                                                  —Ä—è–¥—É –≤ —Ç–∞–∫–∏—Ö –Ω–...

You may provide a definition with
\DeclareUnicodeCharacter 


–ö–æ–Ω—Ç—Ä–æ–ª—å–Ω—ñ.tex:1: Package inputenc Error: Unicode character —Ä (U+044
0)
(inputenc)                not set up for use with LaTeX.

See the inputenc package documentation for explanation.
Type  H <return>  for immediate help.
 ...                                              
                                                  
l.1 ...ñ —Ç–∞ –Ω–µ–æ—Å–Ω–æ–≤–Ω—ñ –Ω–æ—Å—ñ—ó –∑–∞—Ä
                                                  —è–¥—É –≤ —Ç–∞–∫–∏—Ö –Ω–∞–...

You may provide a definition with
\DeclareUnicodeCharacter 


–ö–æ–Ω—Ç—Ä–æ–ª—å–Ω—ñ.tex:1: Package inputenc Error: Unicode character —è (U+044
F)
(inputenc)                not set up for use with LaTeX.

See the inputenc package documentation for explanation.
Type  H <return>  for immediate help.
 ...                                              
                                                  
l.1 ...—Ç–∞ –Ω–µ–æ—Å–Ω–æ–≤–Ω—ñ –Ω–æ—Å—ñ—ó –∑–∞—Ä—è
                                                  –¥—É –≤ —Ç–∞–∫–∏—Ö –Ω–∞–ø—...

You may provide a definition with
\DeclareUnicodeCharacter 


–ö–æ–Ω—Ç—Ä–æ–ª—å–Ω—ñ.tex:1: Package inputenc Error: Unicode character –¥ (U+043
4)
(inputenc)                not set up for use with LaTeX.

See the inputenc package documentation for explanation.
Type  H <return>  for immediate help.
 ...                                              
                                                  
l.1 ...–∞ –Ω–µ–æ—Å–Ω–æ–≤–Ω—ñ –Ω–æ—Å—ñ—ó –∑–∞—Ä—è–¥
                                                  —É –≤ —Ç–∞–∫–∏—Ö –Ω–∞–ø—ñ–...

You may provide a definition with
\DeclareUnicodeCharacter 


–ö–æ–Ω—Ç—Ä–æ–ª—å–Ω—ñ.tex:1: Package inputenc Error: Unicode character —É (U+044
3)
(inputenc)                not set up for use with LaTeX.

See the inputenc package documentation for explanation.
Type  H <return>  for immediate help.
 ...                                              
                                                  
l.1 ... –Ω–µ–æ—Å–Ω–æ–≤–Ω—ñ –Ω–æ—Å—ñ—ó –∑–∞—Ä—è–¥—É
                                                   –≤ —Ç–∞–∫–∏—Ö –Ω–∞–ø—ñ–≤–...

You may provide a definition with
\DeclareUnicodeCharacter 


–ö–æ–Ω—Ç—Ä–æ–ª—å–Ω—ñ.tex:1: Package inputenc Error: Unicode character –≤ (U+043
2)
(inputenc)                not set up for use with LaTeX.

See the inputenc package documentation for explanation.
Type  H <return>  for immediate help.
 ...                                              
                                                  
l.1 ...–µ–æ—Å–Ω–æ–≤–Ω—ñ –Ω–æ—Å—ñ—ó –∑–∞—Ä—è–¥—É –≤
                                                   —Ç–∞–∫–∏—Ö –Ω–∞–ø—ñ–≤–ø—Ä...

You may provide a definition with
\DeclareUnicodeCharacter 


–ö–æ–Ω—Ç—Ä–æ–ª—å–Ω—ñ.tex:1: Package inputenc Error: Unicode character —Ç (U+044
2)
(inputenc)                not set up for use with LaTeX.

See the inputenc package documentation for explanation.
Type  H <return>  for immediate help.
 ...                                              
                                                  
l.1 ...æ—Å–Ω–æ–≤–Ω—ñ –Ω–æ—Å—ñ—ó –∑–∞—Ä—è–¥—É –≤ —Ç
                                                  –∞–∫–∏—Ö –Ω–∞–ø—ñ–≤–ø—Ä–æ–...

You may provide a definition with
\DeclareUnicodeCharacter 


–ö–æ–Ω—Ç—Ä–æ–ª—å–Ω—ñ.tex:1: Package inputenc Error: Unicode character –∞ (U+043
0)
(inputenc)                not set up for use with LaTeX.

See the inputenc package documentation for explanation.
Type  H <return>  for immediate help.
 ...                                              
                                                  
l.1 ...Å–Ω–æ–≤–Ω—ñ –Ω–æ—Å—ñ—ó –∑–∞—Ä—è–¥—É –≤ —Ç–∞
                                                  –∫–∏—Ö –Ω–∞–ø—ñ–≤–ø—Ä–æ–≤—...

You may provide a definition with
\DeclareUnicodeCharacter 


–ö–æ–Ω—Ç—Ä–æ–ª—å–Ω—ñ.tex:1: Package inputenc Error: Unicode character –∫ (U+043
A)
(inputenc)                not set up for use with LaTeX.

See the inputenc package documentation for explanation.
Type  H <return>  for immediate help.
 ...                                              
                                                  
l.1 ...Ω–æ–≤–Ω—ñ –Ω–æ—Å—ñ—ó –∑–∞—Ä—è–¥—É –≤ —Ç–∞–∫
                                                  –∏—Ö –Ω–∞–ø—ñ–≤–ø—Ä–æ–≤—ñ–...

You may provide a definition with
\DeclareUnicodeCharacter 


–ö–æ–Ω—Ç—Ä–æ–ª—å–Ω—ñ.tex:1: Package inputenc Error: Unicode character –∏ (U+043
8)
(inputenc)                not set up for use with LaTeX.

See the inputenc package documentation for explanation.
Type  H <return>  for immediate help.
 ...                                              
                                                  
l.1 ...æ–≤–Ω—ñ –Ω–æ—Å—ñ—ó –∑–∞—Ä—è–¥—É –≤ —Ç–∞–∫–∏
                                                  —Ö –Ω–∞–ø—ñ–≤–ø—Ä–æ–≤—ñ–¥–...

You may provide a definition with
\DeclareUnicodeCharacter 


–ö–æ–Ω—Ç—Ä–æ–ª—å–Ω—ñ.tex:1: Package inputenc Error: Unicode character —Ö (U+044
5)
(inputenc)                not set up for use with LaTeX.

See the inputenc package documentation for explanation.
Type  H <return>  for immediate help.
 ...                                              
                                                  
l.1 ...≤–Ω—ñ –Ω–æ—Å—ñ—ó –∑–∞—Ä—è–¥—É –≤ —Ç–∞–∫–∏—Ö
                                                   –Ω–∞–ø—ñ–≤–ø—Ä–æ–≤—ñ–¥–Ω–...

You may provide a definition with
\DeclareUnicodeCharacter 


–ö–æ–Ω—Ç—Ä–æ–ª—å–Ω—ñ.tex:1: Package inputenc Error: Unicode character –Ω (U+043
D)
(inputenc)                not set up for use with LaTeX.

See the inputenc package documentation for explanation.
Type  H <return>  for immediate help.
 ...                                              
                                                  
l.1 ...—ñ –Ω–æ—Å—ñ—ó –∑–∞—Ä—è–¥—É –≤ —Ç–∞–∫–∏—Ö –Ω
                                                  –∞–ø—ñ–≤–ø—Ä–æ–≤—ñ–¥–Ω–∏–∫...

You may provide a definition with
\DeclareUnicodeCharacter 


–ö–æ–Ω—Ç—Ä–æ–ª—å–Ω—ñ.tex:1: Package inputenc Error: Unicode character –∞ (U+043
0)
(inputenc)                not set up for use with LaTeX.

See the inputenc package documentation for explanation.
Type  H <return>  for immediate help.
 ...                                              
                                                  
l.1 ... –Ω–æ—Å—ñ—ó –∑–∞—Ä—è–¥—É –≤ —Ç–∞–∫–∏—Ö –Ω–∞
                                                  –ø—ñ–≤–ø—Ä–æ–≤—ñ–¥–Ω–∏–∫–∞...

You may provide a definition with
\DeclareUnicodeCharacter 


–ö–æ–Ω—Ç—Ä–æ–ª—å–Ω—ñ.tex:1: Package inputenc Error: Unicode character –ø (U+043
F)
(inputenc)                not set up for use with LaTeX.

See the inputenc package documentation for explanation.
Type  H <return>  for immediate help.
 ...                                              
                                                  
l.1 ...Ω–æ—Å—ñ—ó –∑–∞—Ä—è–¥—É –≤ —Ç–∞–∫–∏—Ö –Ω–∞–ø
                                                  —ñ–≤–ø—Ä–æ–≤—ñ–¥–Ω–∏–∫–∞—Ö.}
You may provide a definition with
\DeclareUnicodeCharacter 


–ö–æ–Ω—Ç—Ä–æ–ª—å–Ω—ñ.tex:1: Package inputenc Error: Unicode character —ñ (U+045
6)
(inputenc)                not set up for use with LaTeX.

See the inputenc package documentation for explanation.
Type  H <return>  for immediate help.
 ...                                              
                                                  
l.1 ...æ—Å—ñ—ó –∑–∞—Ä—è–¥—É –≤ —Ç–∞–∫–∏—Ö –Ω–∞–ø—ñ
                                                  –≤–ø—Ä–æ–≤—ñ–¥–Ω–∏–∫–∞—Ö.}
You may provide a definition with
\DeclareUnicodeCharacter 


–ö–æ–Ω—Ç—Ä–æ–ª—å–Ω—ñ.tex:1: Package inputenc Error: Unicode character –≤ (U+043
2)
(inputenc)                not set up for use with LaTeX.

See the inputenc package documentation for explanation.
Type  H <return>  for immediate help.
 ...                                              
                                                  
l.1 ...Å—ñ—ó –∑–∞—Ä—è–¥—É –≤ —Ç–∞–∫–∏—Ö –Ω–∞–ø—ñ–≤
                                                  –ø—Ä–æ–≤—ñ–¥–Ω–∏–∫–∞—Ö.}
You may provide a definition with
\DeclareUnicodeCharacter 


–ö–æ–Ω—Ç—Ä–æ–ª—å–Ω—ñ.tex:1: Package inputenc Error: Unicode character –ø (U+043
F)
(inputenc)                not set up for use with LaTeX.

See the inputenc package documentation for explanation.
Type  H <return>  for immediate help.
 ...                                              
                                                  
l.1 ...ñ—ó –∑–∞—Ä—è–¥—É –≤ —Ç–∞–∫–∏—Ö –Ω–∞–ø—ñ–≤–ø
                                                  —Ä–æ–≤—ñ–¥–Ω–∏–∫–∞—Ö.}
You may provide a definition with
\DeclareUnicodeCharacter 


–ö–æ–Ω—Ç—Ä–æ–ª—å–Ω—ñ.tex:1: Package inputenc Error: Unicode character —Ä (U+044
0)
(inputenc)                not set up for use with LaTeX.

See the inputenc package documentation for explanation.
Type  H <return>  for immediate help.
 ...                                              
                                                  
l.1 ...ó –∑–∞—Ä—è–¥—É –≤ —Ç–∞–∫–∏—Ö –Ω–∞–ø—ñ–≤–ø—Ä
                                                  –æ–≤—ñ–¥–Ω–∏–∫–∞—Ö.}
You may provide a definition with
\DeclareUnicodeCharacter 


–ö–æ–Ω—Ç—Ä–æ–ª—å–Ω—ñ.tex:1: Package inputenc Error: Unicode character –æ (U+043
E)
(inputenc)                not set up for use with LaTeX.

See the inputenc package documentation for explanation.
Type  H <return>  for immediate help.
 ...                                              
                                                  
l.1 ...–∑–∞—Ä—è–¥—É –≤ —Ç–∞–∫–∏—Ö –Ω–∞–ø—ñ–≤–ø—Ä–æ
                                                  –≤—ñ–¥–Ω–∏–∫–∞—Ö.}
You may provide a definition with
\DeclareUnicodeCharacter 


–ö–æ–Ω—Ç—Ä–æ–ª—å–Ω—ñ.tex:1: Package inputenc Error: Unicode character –≤ (U+043
2)
(inputenc)                not set up for use with LaTeX.

See the inputenc package documentation for explanation.
Type  H <return>  for immediate help.
 ...                                              
                                                  
l.1 ...–∞—Ä—è–¥—É –≤ —Ç–∞–∫–∏—Ö –Ω–∞–ø—ñ–≤–ø—Ä–æ–≤
                                                  —ñ–¥–Ω–∏–∫–∞—Ö.}
You may provide a definition with
\DeclareUnicodeCharacter 


–ö–æ–Ω—Ç—Ä–æ–ª—å–Ω—ñ.tex:1: Package inputenc Error: Unicode character —ñ (U+045
6)
(inputenc)                not set up for use with LaTeX.

See the inputenc package documentation for explanation.
Type  H <return>  for immediate help.
 ...                                              
                                                  
l.1 ...—Ä—è–¥—É –≤ —Ç–∞–∫–∏—Ö –Ω–∞–ø—ñ–≤–ø—Ä–æ–≤—ñ
                                                  –¥–Ω–∏–∫–∞—Ö.}
You may provide a definition with
\DeclareUnicodeCharacter 


–ö–æ–Ω—Ç—Ä–æ–ª—å–Ω—ñ.tex:1: Package inputenc Error: Unicode character –¥ (U+043
4)
(inputenc)                not set up for use with LaTeX.

See the inputenc package documentation for explanation.
Type  H <return>  for immediate help.
 ...                                              
                                                  
l.1 ...—è–¥—É –≤ —Ç–∞–∫–∏—Ö –Ω–∞–ø—ñ–≤–ø—Ä–æ–≤—ñ–¥
                                                  –Ω–∏–∫–∞—Ö.}
You may provide a definition with
\DeclareUnicodeCharacter 


–ö–æ–Ω—Ç—Ä–æ–ª—å–Ω—ñ.tex:1: Package inputenc Error: Unicode character –Ω (U+043
D)
(inputenc)                not set up for use with LaTeX.

See the inputenc package documentation for explanation.
Type  H <return>  for immediate help.
 ...                                              
                                                  
l.1 ...–¥—É –≤ —Ç–∞–∫–∏—Ö –Ω–∞–ø—ñ–≤–ø—Ä–æ–≤—ñ–¥–Ω
                                                  –∏–∫–∞—Ö.}
You may provide a definition with
\DeclareUnicodeCharacter 


–ö–æ–Ω—Ç—Ä–æ–ª—å–Ω—ñ.tex:1: Package inputenc Error: Unicode character –∏ (U+043
8)
(inputenc)                not set up for use with LaTeX.

See the inputenc package documentation for explanation.
Type  H <return>  for immediate help.
 ...                                              
                                                  
l.1 ...—É –≤ —Ç–∞–∫–∏—Ö –Ω–∞–ø—ñ–≤–ø—Ä–æ–≤—ñ–¥–Ω–∏
                                                  –∫–∞—Ö.}
You may provide a definition with
\DeclareUnicodeCharacter 


–ö–æ–Ω—Ç—Ä–æ–ª—å–Ω—ñ.tex:1: Package inputenc Error: Unicode character –∫ (U+043
A)
(inputenc)                not set up for use with LaTeX.

See the inputenc package documentation for explanation.
Type  H <return>  for immediate help.
 ...                                              
                                                  
l.1 ... –≤ —Ç–∞–∫–∏—Ö –Ω–∞–ø—ñ–≤–ø—Ä–æ–≤—ñ–¥–Ω–∏–∫
                                                  –∞—Ö.}
You may provide a definition with
\DeclareUnicodeCharacter 


–ö–æ–Ω—Ç—Ä–æ–ª—å–Ω—ñ.tex:1: Package inputenc Error: Unicode character –∞ (U+043
0)
(inputenc)                not set up for use with LaTeX.

See the inputenc package documentation for explanation.
Type  H <return>  for immediate help.
 ...                                              
                                                  
l.1 ...≤ —Ç–∞–∫–∏—Ö –Ω–∞–ø—ñ–≤–ø—Ä–æ–≤—ñ–¥–Ω–∏–∫–∞
                                                  —Ö.}
You may provide a definition with
\DeclareUnicodeCharacter 


–ö–æ–Ω—Ç—Ä–æ–ª—å–Ω—ñ.tex:1: Package inputenc Error: Unicode character —Ö (U+044
5)
(inputenc)                not set up for use with LaTeX.

See the inputenc package documentation for explanation.
Type  H <return>  for immediate help.
 ...                                              
                                                  
l.1 ...—Ç–∞–∫–∏—Ö –Ω–∞–ø—ñ–≤–ø—Ä–æ–≤—ñ–¥–Ω–∏–∫–∞—Ö
                                                  .}
You may provide a definition with
\DeclareUnicodeCharacter 

Missing character: There is no . in font nullfont!

–ö–æ–Ω—Ç—Ä–æ–ª—å–Ω—ñ.tex:2: Package inputenc Error: Unicode character –µ (U+043
5)
(inputenc)                not set up for use with LaTeX.

See the inputenc package documentation for explanation.
Type  H <return>  for immediate help.
 ...                                              
                                                  
l.2 \qquad   –µ
               –ª–µ–∫—Ç—Ä–æ–Ω–∏ –≤ –º–∞—Ç–µ—Ä—ñ–∞–ª—ñ $n$-—Ç–∏–ø—É –Ω–∞–∑–∏–...

You may provide a definition with
\DeclareUnicodeCharacter 


–ö–æ–Ω—Ç—Ä–æ–ª—å–Ω—ñ.tex:2: Package inputenc Error: Unicode character –ª (U+043
B)
(inputenc)                not set up for use with LaTeX.

See the inputenc package documentation for explanation.
Type  H <return>  for immediate help.
 ...                                              
                                                  
l.2 \qquad   –µ–ª
                 –µ–∫—Ç—Ä–æ–Ω–∏ –≤ –º–∞—Ç–µ—Ä—ñ–∞–ª—ñ $n$-—Ç–∏–ø—É –Ω–∞–∑–∏–...

You may provide a definition with
\DeclareUnicodeCharacter 


–ö–æ–Ω—Ç—Ä–æ–ª—å–Ω—ñ.tex:2: Package inputenc Error: Unicode character –µ (U+043
5)
(inputenc)                not set up for use with LaTeX.

See the inputenc package documentation for explanation.
Type  H <return>  for immediate help.
 ...                                              
                                                  
l.2 \qquad   –µ–ª–µ
                   –∫—Ç—Ä–æ–Ω–∏ –≤ –º–∞—Ç–µ—Ä—ñ–∞–ª—ñ $n$-—Ç–∏–ø—É –Ω–∞–∑–∏–...

You may provide a definition with
\DeclareUnicodeCharacter 


–ö–æ–Ω—Ç—Ä–æ–ª—å–Ω—ñ.tex:2: Package inputenc Error: Unicode character –∫ (U+043
A)
(inputenc)                not set up for use with LaTeX.

See the inputenc package documentation for explanation.
Type  H <return>  for immediate help.
 ...                                              
                                                  
l.2 \qquad   –µ–ª–µ–∫
                     —Ç—Ä–æ–Ω–∏ –≤ –º–∞—Ç–µ—Ä—ñ–∞–ª—ñ $n$-—Ç–∏–ø—É –Ω–∞–∑–∏–...

You may provide a definition with
\DeclareUnicodeCharacter 


–ö–æ–Ω—Ç—Ä–æ–ª—å–Ω—ñ.tex:2: Package inputenc Error: Unicode character —Ç (U+044
2)
(inputenc)                not set up for use with LaTeX.

See the inputenc package documentation for explanation.
Type  H <return>  for immediate help.
 ...                                              
                                                  
l.2 \qquad   –µ–ª–µ–∫—Ç
                       —Ä–æ–Ω–∏ –≤ –º–∞—Ç–µ—Ä—ñ–∞–ª—ñ $n$-—Ç–∏–ø—É –Ω–∞–∑–∏–...

You may provide a definition with
\DeclareUnicodeCharacter 


–ö–æ–Ω—Ç—Ä–æ–ª—å–Ω—ñ.tex:2: Package inputenc Error: Unicode character —Ä (U+044
0)
(inputenc)                not set up for use with LaTeX.

See the inputenc package documentation for explanation.
Type  H <return>  for immediate help.
 ...                                              
                                                  
l.2 \qquad   –µ–ª–µ–∫—Ç—Ä
                         –æ–Ω–∏ –≤ –º–∞—Ç–µ—Ä—ñ–∞–ª—ñ $n$-—Ç–∏–ø—É –Ω–∞–∑–∏–...

You may provide a definition with
\DeclareUnicodeCharacter 


–ö–æ–Ω—Ç—Ä–æ–ª—å–Ω—ñ.tex:2: Package inputenc Error: Unicode character –æ (U+043
E)
(inputenc)                not set up for use with LaTeX.

See the inputenc package documentation for explanation.
Type  H <return>  for immediate help.
 ...                                              
                                                  
l.2 \qquad   –µ–ª–µ–∫—Ç—Ä–æ
                           –Ω–∏ –≤ –º–∞—Ç–µ—Ä—ñ–∞–ª—ñ $n$-—Ç–∏–ø—É –Ω–∞–∑–∏–...

You may provide a definition with
\DeclareUnicodeCharacter 


–ö–æ–Ω—Ç—Ä–æ–ª—å–Ω—ñ.tex:2: Package inputenc Error: Unicode character –Ω (U+043
D)
(inputenc)                not set up for use with LaTeX.

See the inputenc package documentation for explanation.
Type  H <return>  for immediate help.
 ...                                              
                                                  
l.2 \qquad   –µ–ª–µ–∫—Ç—Ä–æ–Ω
                             –∏ –≤ –º–∞—Ç–µ—Ä—ñ–∞–ª—ñ $n$-—Ç–∏–ø—É –Ω–∞–∑–∏–...

You may provide a definition with
\DeclareUnicodeCharacter 


–ö–æ–Ω—Ç—Ä–æ–ª—å–Ω—ñ.tex:2: Package inputenc Error: Unicode character –∏ (U+043
8)
(inputenc)                not set up for use with LaTeX.

See the inputenc package documentation for explanation.
Type  H <return>  for immediate help.
 ...                                              
                                                  
l.2 \qquad   –µ–ª–µ–∫—Ç—Ä–æ–Ω–∏
                                –≤ –º–∞—Ç–µ—Ä—ñ–∞–ª—ñ $n$-—Ç–∏–ø—É –Ω–∞–∑–∏–...

You may provide a definition with
\DeclareUnicodeCharacter 


–ö–æ–Ω—Ç—Ä–æ–ª—å–Ω—ñ.tex:2: Package inputenc Error: Unicode character –≤ (U+043
2)
(inputenc)                not set up for use with LaTeX.

See the inputenc package documentation for explanation.
Type  H <return>  for immediate help.
 ...                                              
                                                  
l.2 \qquad   –µ–ª–µ–∫—Ç—Ä–æ–Ω–∏ –≤
                                   –º–∞—Ç–µ—Ä—ñ–∞–ª—ñ $n$-—Ç–∏–ø—É –Ω–∞–∑–∏–...

You may provide a definition with
\DeclareUnicodeCharacter 


–ö–æ–Ω—Ç—Ä–æ–ª—å–Ω—ñ.tex:2: Package inputenc Error: Unicode character –º (U+043
C)
(inputenc)                not set up for use with LaTeX.

See the inputenc package documentation for explanation.
Type  H <return>  for immediate help.
 ...                                              
                                                  
l.2 \qquad   –µ–ª–µ–∫—Ç—Ä–æ–Ω–∏ –≤ –º
                                     –∞—Ç–µ—Ä—ñ–∞–ª—ñ $n$-—Ç–∏–ø—É –Ω–∞–∑–∏–...

You may provide a definition with
\DeclareUnicodeCharacter 


–ö–æ–Ω—Ç—Ä–æ–ª—å–Ω—ñ.tex:2: Package inputenc Error: Unicode character –∞ (U+043
0)
(inputenc)                not set up for use with LaTeX.

See the inputenc package documentation for explanation.
Type  H <return>  for immediate help.
 ...                                              
                                                  
l.2 \qquad   –µ–ª–µ–∫—Ç—Ä–æ–Ω–∏ –≤ –º–∞
                                       —Ç–µ—Ä—ñ–∞–ª—ñ $n$-—Ç–∏–ø—É –Ω–∞–∑–∏–...

You may provide a definition with
\DeclareUnicodeCharacter 


–ö–æ–Ω—Ç—Ä–æ–ª—å–Ω—ñ.tex:2: Package inputenc Error: Unicode character —Ç (U+044
2)
(inputenc)                not set up for use with LaTeX.

See the inputenc package documentation for explanation.
Type  H <return>  for immediate help.
 ...                                              
                                                  
l.2 \qquad   –µ–ª–µ–∫—Ç—Ä–æ–Ω–∏ –≤ –º–∞—Ç
                                         –µ—Ä—ñ–∞–ª—ñ $n$-—Ç–∏–ø—É –Ω–∞–∑–∏–...

You may provide a definition with
\DeclareUnicodeCharacter 


–ö–æ–Ω—Ç—Ä–æ–ª—å–Ω—ñ.tex:2: Package inputenc Error: Unicode character –µ (U+043
5)
(inputenc)                not set up for use with LaTeX.

See the inputenc package documentation for explanation.
Type  H <return>  for immediate help.
 ...                                              
                                                  
l.2 \qquad   –µ–ª–µ–∫—Ç—Ä–æ–Ω–∏ –≤ –º–∞—Ç–µ
                                           —Ä—ñ–∞–ª—ñ $n$-—Ç–∏–ø—É –Ω–∞–∑–∏–...

You may provide a definition with
\DeclareUnicodeCharacter 


–ö–æ–Ω—Ç—Ä–æ–ª—å–Ω—ñ.tex:2: Package inputenc Error: Unicode character —Ä (U+044
0)
(inputenc)                not set up for use with LaTeX.

See the inputenc package documentation for explanation.
Type  H <return>  for immediate help.
 ...                                              
                                                  
l.2 \qquad   –µ–ª–µ–∫—Ç—Ä–æ–Ω–∏ –≤ –º–∞—Ç–µ—Ä
                                             —ñ–∞–ª—ñ $n$-—Ç–∏–ø—É –Ω–∞–∑–∏–...

You may provide a definition with
\DeclareUnicodeCharacter 


–ö–æ–Ω—Ç—Ä–æ–ª—å–Ω—ñ.tex:2: Package inputenc Error: Unicode character —ñ (U+045
6)
(inputenc)                not set up for use with LaTeX.

See the inputenc package documentation for explanation.
Type  H <return>  for immediate help.
 ...                                              
                                                  
l.2 \qquad   –µ–ª–µ–∫—Ç—Ä–æ–Ω–∏ –≤ –º–∞—Ç–µ—Ä—ñ
                                               –∞–ª—ñ $n$-—Ç–∏–ø—É –Ω–∞–∑–∏–...

You may provide a definition with
\DeclareUnicodeCharacter 


–ö–æ–Ω—Ç—Ä–æ–ª—å–Ω—ñ.tex:2: Package inputenc Error: Unicode character –∞ (U+043
0)
(inputenc)                not set up for use with LaTeX.

See the inputenc package documentation for explanation.
Type  H <return>  for immediate help.
 ...                                              
                                                  
l.2 \qquad   –µ–ª–µ–∫—Ç—Ä–æ–Ω–∏ –≤ –º–∞—Ç–µ—Ä—ñ–∞
                                                 –ª—ñ $n$-—Ç–∏–ø—É –Ω–∞–∑–∏–...

You may provide a definition with
\DeclareUnicodeCharacter 


–ö–æ–Ω—Ç—Ä–æ–ª—å–Ω—ñ.tex:2: Package inputenc Error: Unicode character –ª (U+043
B)
(inputenc)                not set up for use with LaTeX.

See the inputenc package documentation for explanation.
Type  H <return>  for immediate help.
 ...                                              
                                                  
l.2 ...ad   –µ–ª–µ–∫—Ç—Ä–æ–Ω–∏ –≤ –º–∞—Ç–µ—Ä—ñ–∞–ª
                                                  —ñ $n$-—Ç–∏–ø—É –Ω–∞–∑–∏–≤...

You may provide a definition with
\DeclareUnicodeCharacter 


–ö–æ–Ω—Ç—Ä–æ–ª—å–Ω—ñ.tex:2: Package inputenc Error: Unicode character —ñ (U+045
6)
(inputenc)                not set up for use with LaTeX.

See the inputenc package documentation for explanation.
Type  H <return>  for immediate help.
 ...                                              
                                                  
l.2 ...   –µ–ª–µ–∫—Ç—Ä–æ–Ω–∏ –≤ –º–∞—Ç–µ—Ä—ñ–∞–ª—ñ
                                                   $n$-—Ç–∏–ø—É –Ω–∞–∑–∏–≤–∞...

You may provide a definition with
\DeclareUnicodeCharacter 

Missing character: There is no - in font nullfont!

–ö–æ–Ω—Ç—Ä–æ–ª—å–Ω—ñ.tex:2: Package inputenc Error: Unicode character —Ç (U+044
2)
(inputenc)                not set up for use with LaTeX.

See the inputenc package documentation for explanation.
Type  H <return>  for immediate help.
 ...                                              
                                                  
l.2 ...–µ–∫—Ç—Ä–æ–Ω–∏ –≤ –º–∞—Ç–µ—Ä—ñ–∞–ª—ñ $n$-—Ç
                                                  –∏–ø—É –Ω–∞–∑–∏–≤–∞—é—Ç—å ...

You may provide a definition with
\DeclareUnicodeCharacter 


–ö–æ–Ω—Ç—Ä–æ–ª—å–Ω—ñ.tex:2: Package inputenc Error: Unicode character –∏ (U+043
8)
(inputenc)                not set up for use with LaTeX.

See the inputenc package documentation for explanation.
Type  H <return>  for immediate help.
 ...                                              
                                                  
l.2 ...–∫—Ç—Ä–æ–Ω–∏ –≤ –º–∞—Ç–µ—Ä—ñ–∞–ª—ñ $n$-—Ç–∏
                                                  –ø—É –Ω–∞–∑–∏–≤–∞—é—Ç—å \e...

You may provide a definition with
\DeclareUnicodeCharacter 


–ö–æ–Ω—Ç—Ä–æ–ª—å–Ω—ñ.tex:2: Package inputenc Error: Unicode character –ø (U+043
F)
(inputenc)                not set up for use with LaTeX.

See the inputenc package documentation for explanation.
Type  H <return>  for immediate help.
 ...                                              
                                                  
l.2 ...—Ç—Ä–æ–Ω–∏ –≤ –º–∞—Ç–µ—Ä—ñ–∞–ª—ñ $n$-—Ç–∏–ø
                                                  —É –Ω–∞–∑–∏–≤–∞—é—Ç—å \emp...

You may provide a definition with
\DeclareUnicodeCharacter 


–ö–æ–Ω—Ç—Ä–æ–ª—å–Ω—ñ.tex:2: Package inputenc Error: Unicode character —É (U+044
3)
(inputenc)                not set up for use with LaTeX.

See the inputenc package documentation for explanation.
Type  H <return>  for immediate help.
 ...                                              
                                                  
l.2 ...—Ä–æ–Ω–∏ –≤ –º–∞—Ç–µ—Ä—ñ–∞–ª—ñ $n$-—Ç–∏–ø—É
                                                   –Ω–∞–∑–∏–≤–∞—é—Ç—å \emph{...

You may provide a definition with
\DeclareUnicodeCharacter 


–ö–æ–Ω—Ç—Ä–æ–ª—å–Ω—ñ.tex:2: Package inputenc Error: Unicode character –Ω (U+043
D)
(inputenc)                not set up for use with LaTeX.

See the inputenc package documentation for explanation.
Type  H <return>  for immediate help.
 ...                                              
                                                  
l.2 ...æ–Ω–∏ –≤ –º–∞—Ç–µ—Ä—ñ–∞–ª—ñ $n$-—Ç–∏–ø—É –Ω
                                                  –∞–∑–∏–≤–∞—é—Ç—å \emph{–æ—...

You may provide a definition with
\DeclareUnicodeCharacter 


–ö–æ–Ω—Ç—Ä–æ–ª—å–Ω—ñ.tex:2: Package inputenc Error: Unicode character –∞ (U+043
0)
(inputenc)                not set up for use with LaTeX.

See the inputenc package documentation for explanation.
Type  H <return>  for immediate help.
 ...                                              
                                                  
l.2 ...Ω–∏ –≤ –º–∞—Ç–µ—Ä—ñ–∞–ª—ñ $n$-—Ç–∏–ø—É –Ω–∞
                                                  –∑–∏–≤–∞—é—Ç—å \emph{–æ—Å–...

You may provide a definition with
\DeclareUnicodeCharacter 


–ö–æ–Ω—Ç—Ä–æ–ª—å–Ω—ñ.tex:2: Package inputenc Error: Unicode character –∑ (U+043
7)
(inputenc)                not set up for use with LaTeX.

See the inputenc package documentation for explanation.
Type  H <return>  for immediate help.
 ...                                              
                                                  
l.2 ...∏ –≤ –º–∞—Ç–µ—Ä—ñ–∞–ª—ñ $n$-—Ç–∏–ø—É –Ω–∞–∑
                                                  –∏–≤–∞—é—Ç—å \emph{–æ—Å–Ω–...
(That makes 100 errors; please try again.) 
Here is how much of TeX's memory you used:
 46 strings out of 479334
 1021 string characters out of 2852809
 282611 words of memory out of 3000000
 17599 multiletter control sequences out of 15000+200000
 403430 words of font info for 27 fonts, out of 3000000 for 9000
 1141 hyphenation exceptions out of 8191
 18i,1n,15p,431b,69s stack positions out of 5000i,500n,10000p,200000b,50000s

–ö–æ–Ω—Ç—Ä–æ–ª—å–Ω—ñ.tex:2:  ==> Fatal error occurred, no output PDF file produ
ced!
