This is pdfTeX, Version 3.141592653-2.6-1.40.22 (MiKTeX 21.2) (preloaded format=pdflatex 2021.2.24)  16 MAR 2021 11:55
entering extended mode
**./–ß–∞—Å—Ç1.tex
(–ß–∞—Å—Ç1.tex
LaTeX2e <2020-10-01> patch level 4
L3 programming layer <2021-02-18> xparse <2020-03-03>
–ß–∞—Å—Ç1.tex:1: Undefined control sequence.
l.1 \section
            {–í—Å—Ç—É–ø–Ω–∞ —á–∞—Å—Ç–∏–Ω–∞}
The control sequence at the end of the top line
of your error message was never \def'ed. If you have
misspelled it (e.g., `\hobx'), type `I' and the correct
spelling (e.g., `I\hbox'). Otherwise just continue,
and I'll forget about whatever was undefined.


–ß–∞—Å—Ç1.tex:1: Package inputenc Error: Unicode character –í (U+0412)
(inputenc)                not set up for use with LaTeX.

See the inputenc package documentation for explanation.
Type  H <return>  for immediate help.
 ...                                              
                                                  
l.1 \section{–í
               —Å—Ç—É–ø–Ω–∞ —á–∞—Å—Ç–∏–Ω–∞}
You may provide a definition with
\DeclareUnicodeCharacter 


–ß–∞—Å—Ç1.tex:1: Package inputenc Error: Unicode character —Å (U+0441)
(inputenc)                not set up for use with LaTeX.

See the inputenc package documentation for explanation.
Type  H <return>  for immediate help.
 ...                                              
                                                  
l.1 \section{–í—Å
                 —Ç—É–ø–Ω–∞ —á–∞—Å—Ç–∏–Ω–∞}
You may provide a definition with
\DeclareUnicodeCharacter 


–ß–∞—Å—Ç1.tex:1: Package inputenc Error: Unicode character —Ç (U+0442)
(inputenc)                not set up for use with LaTeX.

See the inputenc package documentation for explanation.
Type  H <return>  for immediate help.
 ...                                              
                                                  
l.1 \section{–í—Å—Ç
                   —É–ø–Ω–∞ —á–∞—Å—Ç–∏–Ω–∞}
You may provide a definition with
\DeclareUnicodeCharacter 


–ß–∞—Å—Ç1.tex:1: Package inputenc Error: Unicode character —É (U+0443)
(inputenc)                not set up for use with LaTeX.

See the inputenc package documentation for explanation.
Type  H <return>  for immediate help.
 ...                                              
                                                  
l.1 \section{–í—Å—Ç—É
                     –ø–Ω–∞ —á–∞—Å—Ç–∏–Ω–∞}
You may provide a definition with
\DeclareUnicodeCharacter 


–ß–∞—Å—Ç1.tex:1: Package inputenc Error: Unicode character –ø (U+043F)
(inputenc)                not set up for use with LaTeX.

See the inputenc package documentation for explanation.
Type  H <return>  for immediate help.
 ...                                              
                                                  
l.1 \section{–í—Å—Ç—É–ø
                       –Ω–∞ —á–∞—Å—Ç–∏–Ω–∞}
You may provide a definition with
\DeclareUnicodeCharacter 


–ß–∞—Å—Ç1.tex:1: Package inputenc Error: Unicode character –Ω (U+043D)
(inputenc)                not set up for use with LaTeX.

See the inputenc package documentation for explanation.
Type  H <return>  for immediate help.
 ...                                              
                                                  
l.1 \section{–í—Å—Ç—É–ø–Ω
                         –∞ —á–∞—Å—Ç–∏–Ω–∞}
You may provide a definition with
\DeclareUnicodeCharacter 


–ß–∞—Å—Ç1.tex:1: Package inputenc Error: Unicode character –∞ (U+0430)
(inputenc)                not set up for use with LaTeX.

See the inputenc package documentation for explanation.
Type  H <return>  for immediate help.
 ...                                              
                                                  
l.1 \section{–í—Å—Ç—É–ø–Ω–∞
                            —á–∞—Å—Ç–∏–Ω–∞}
You may provide a definition with
\DeclareUnicodeCharacter 


–ß–∞—Å—Ç1.tex:1: Package inputenc Error: Unicode character —á (U+0447)
(inputenc)                not set up for use with LaTeX.

See the inputenc package documentation for explanation.
Type  H <return>  for immediate help.
 ...                                              
                                                  
l.1 \section{–í—Å—Ç—É–ø–Ω–∞ —á
                              –∞—Å—Ç–∏–Ω–∞}
You may provide a definition with
\DeclareUnicodeCharacter 


–ß–∞—Å—Ç1.tex:1: Package inputenc Error: Unicode character –∞ (U+0430)
(inputenc)                not set up for use with LaTeX.

See the inputenc package documentation for explanation.
Type  H <return>  for immediate help.
 ...                                              
                                                  
l.1 \section{–í—Å—Ç—É–ø–Ω–∞ —á–∞
                                —Å—Ç–∏–Ω–∞}
You may provide a definition with
\DeclareUnicodeCharacter 


–ß–∞—Å—Ç1.tex:1: Package inputenc Error: Unicode character —Å (U+0441)
(inputenc)                not set up for use with LaTeX.

See the inputenc package documentation for explanation.
Type  H <return>  for immediate help.
 ...                                              
                                                  
l.1 \section{–í—Å—Ç—É–ø–Ω–∞ —á–∞—Å
                                  —Ç–∏–Ω–∞}
You may provide a definition with
\DeclareUnicodeCharacter 


–ß–∞—Å—Ç1.tex:1: Package inputenc Error: Unicode character —Ç (U+0442)
(inputenc)                not set up for use with LaTeX.

See the inputenc package documentation for explanation.
Type  H <return>  for immediate help.
 ...                                              
                                                  
l.1 \section{–í—Å—Ç—É–ø–Ω–∞ —á–∞—Å—Ç
                                    –∏–Ω–∞}
You may provide a definition with
\DeclareUnicodeCharacter 


–ß–∞—Å—Ç1.tex:1: Package inputenc Error: Unicode character –∏ (U+0438)
(inputenc)                not set up for use with LaTeX.

See the inputenc package documentation for explanation.
Type  H <return>  for immediate help.
 ...                                              
                                                  
l.1 \section{–í—Å—Ç—É–ø–Ω–∞ —á–∞—Å—Ç–∏
                                      –Ω–∞}
You may provide a definition with
\DeclareUnicodeCharacter 


–ß–∞—Å—Ç1.tex:1: Package inputenc Error: Unicode character –Ω (U+043D)
(inputenc)                not set up for use with LaTeX.

See the inputenc package documentation for explanation.
Type  H <return>  for immediate help.
 ...                                              
                                                  
l.1 \section{–í—Å—Ç—É–ø–Ω–∞ —á–∞—Å—Ç–∏–Ω
                                        –∞}
You may provide a definition with
\DeclareUnicodeCharacter 


–ß–∞—Å—Ç1.tex:1: Package inputenc Error: Unicode character –∞ (U+0430)
(inputenc)                not set up for use with LaTeX.

See the inputenc package documentation for explanation.
Type  H <return>  for immediate help.
 ...                                              
                                                  
l.1 \section{–í—Å—Ç—É–ø–Ω–∞ —á–∞—Å—Ç–∏–Ω–∞
                                          }
You may provide a definition with
\DeclareUnicodeCharacter 


–ß–∞—Å—Ç1.tex:3: LaTeX Error: Missing \begin{document}.

See the LaTeX manual or LaTeX Companion for explanation.
Type  H <return>  for immediate help.
 ...                                              
                                                  
l.3 \indent
            \textbf{–ú–µ—Ç–∞ —Ä–æ–±–æ—Ç–∏:} –∑–∞—Å–≤–æ—ó—Ç–∏ —ñ–Ω—Ç–µ—Ä—Ñ–µ—...

You're in trouble here.  Try typing  <return>  to proceed.
If that doesn't work, type  X <return>  to quit.


–ß–∞—Å—Ç1.tex:3: Package inputenc Error: Unicode character –ú (U+041C)
(inputenc)                not set up for use with LaTeX.

See the inputenc package documentation for explanation.
Type  H <return>  for immediate help.
 ...                                              
                                                  
l.3 \indent \textbf{–ú–µ—Ç–∞ —Ä–æ–±–æ—Ç–∏:}
                                            –∑–∞—Å–≤–æ—ó—Ç–∏ —ñ–Ω—Ç–µ—Ä—Ñ–µ—...

You may provide a definition with
\DeclareUnicodeCharacter 


–ß–∞—Å—Ç1.tex:3: Package inputenc Error: Unicode character –µ (U+0435)
(inputenc)                not set up for use with LaTeX.

See the inputenc package documentation for explanation.
Type  H <return>  for immediate help.
 ...                                              
                                                  
l.3 \indent \textbf{–ú–µ—Ç–∞ —Ä–æ–±–æ—Ç–∏:}
                                            –∑–∞—Å–≤–æ—ó—Ç–∏ —ñ–Ω—Ç–µ—Ä—Ñ–µ—...

You may provide a definition with
\DeclareUnicodeCharacter 


–ß–∞—Å—Ç1.tex:3: Package inputenc Error: Unicode character —Ç (U+0442)
(inputenc)                not set up for use with LaTeX.

See the inputenc package documentation for explanation.
Type  H <return>  for immediate help.
 ...                                              
                                                  
l.3 \indent \textbf{–ú–µ—Ç–∞ —Ä–æ–±–æ—Ç–∏:}
                                            –∑–∞—Å–≤–æ—ó—Ç–∏ —ñ–Ω—Ç–µ—Ä—Ñ–µ—...

You may provide a definition with
\DeclareUnicodeCharacter 


–ß–∞—Å—Ç1.tex:3: Package inputenc Error: Unicode character –∞ (U+0430)
(inputenc)                not set up for use with LaTeX.

See the inputenc package documentation for explanation.
Type  H <return>  for immediate help.
 ...                                              
                                                  
l.3 \indent \textbf{–ú–µ—Ç–∞ —Ä–æ–±–æ—Ç–∏:}
                                            –∑–∞—Å–≤–æ—ó—Ç–∏ —ñ–Ω—Ç–µ—Ä—Ñ–µ—...

You may provide a definition with
\DeclareUnicodeCharacter 


–ß–∞—Å—Ç1.tex:3: Package inputenc Error: Unicode character —Ä (U+0440)
(inputenc)                not set up for use with LaTeX.

See the inputenc package documentation for explanation.
Type  H <return>  for immediate help.
 ...                                              
                                                  
l.3 \indent \textbf{–ú–µ—Ç–∞ —Ä–æ–±–æ—Ç–∏:}
                                            –∑–∞—Å–≤–æ—ó—Ç–∏ —ñ–Ω—Ç–µ—Ä—Ñ–µ—...

You may provide a definition with
\DeclareUnicodeCharacter 


–ß–∞—Å—Ç1.tex:3: Package inputenc Error: Unicode character –æ (U+043E)
(inputenc)                not set up for use with LaTeX.

See the inputenc package documentation for explanation.
Type  H <return>  for immediate help.
 ...                                              
                                                  
l.3 \indent \textbf{–ú–µ—Ç–∞ —Ä–æ–±–æ—Ç–∏:}
                                            –∑–∞—Å–≤–æ—ó—Ç–∏ —ñ–Ω—Ç–µ—Ä—Ñ–µ—...

You may provide a definition with
\DeclareUnicodeCharacter 


–ß–∞—Å—Ç1.tex:3: Package inputenc Error: Unicode character –± (U+0431)
(inputenc)                not set up for use with LaTeX.

See the inputenc package documentation for explanation.
Type  H <return>  for immediate help.
 ...                                              
                                                  
l.3 \indent \textbf{–ú–µ—Ç–∞ —Ä–æ–±–æ—Ç–∏:}
                                            –∑–∞—Å–≤–æ—ó—Ç–∏ —ñ–Ω—Ç–µ—Ä—Ñ–µ—...

You may provide a definition with
\DeclareUnicodeCharacter 


–ß–∞—Å—Ç1.tex:3: Package inputenc Error: Unicode character –æ (U+043E)
(inputenc)                not set up for use with LaTeX.

See the inputenc package documentation for explanation.
Type  H <return>  for immediate help.
 ...                                              
                                                  
l.3 \indent \textbf{–ú–µ—Ç–∞ —Ä–æ–±–æ—Ç–∏:}
                                            –∑–∞—Å–≤–æ—ó—Ç–∏ —ñ–Ω—Ç–µ—Ä—Ñ–µ—...

You may provide a definition with
\DeclareUnicodeCharacter 


–ß–∞—Å—Ç1.tex:3: Package inputenc Error: Unicode character —Ç (U+0442)
(inputenc)                not set up for use with LaTeX.

See the inputenc package documentation for explanation.
Type  H <return>  for immediate help.
 ...                                              
                                                  
l.3 \indent \textbf{–ú–µ—Ç–∞ —Ä–æ–±–æ—Ç–∏:}
                                            –∑–∞—Å–≤–æ—ó—Ç–∏ —ñ–Ω—Ç–µ—Ä—Ñ–µ—...

You may provide a definition with
\DeclareUnicodeCharacter 


–ß–∞—Å—Ç1.tex:3: Package inputenc Error: Unicode character –∏ (U+0438)
(inputenc)                not set up for use with LaTeX.

See the inputenc package documentation for explanation.
Type  H <return>  for immediate help.
 ...                                              
                                                  
l.3 \indent \textbf{–ú–µ—Ç–∞ —Ä–æ–±–æ—Ç–∏:}
                                            –∑–∞—Å–≤–æ—ó—Ç–∏ —ñ–Ω—Ç–µ—Ä—Ñ–µ—...

You may provide a definition with
\DeclareUnicodeCharacter 


–ß–∞—Å—Ç1.tex:3: Package inputenc Error: Unicode character –∑ (U+0437)
(inputenc)                not set up for use with LaTeX.

See the inputenc package documentation for explanation.
Type  H <return>  for immediate help.
 ...                                              
                                                  
l.3 \indent \textbf{–ú–µ—Ç–∞ —Ä–æ–±–æ—Ç–∏:} –∑
                                              –∞—Å–≤–æ—ó—Ç–∏ —ñ–Ω—Ç–µ—Ä—Ñ–µ—...

You may provide a definition with
\DeclareUnicodeCharacter 


–ß–∞—Å—Ç1.tex:3: Package inputenc Error: Unicode character –∞ (U+0430)
(inputenc)                not set up for use with LaTeX.

See the inputenc package documentation for explanation.
Type  H <return>  for immediate help.
 ...                                              
                                                  
l.3 \indent \textbf{–ú–µ—Ç–∞ —Ä–æ–±–æ—Ç–∏:} –∑–∞
                                                —Å–≤–æ—ó—Ç–∏ —ñ–Ω—Ç–µ—Ä—Ñ–µ—...

You may provide a definition with
\DeclareUnicodeCharacter 


–ß–∞—Å—Ç1.tex:3: Package inputenc Error: Unicode character —Å (U+0441)
(inputenc)                not set up for use with LaTeX.

See the inputenc package documentation for explanation.
Type  H <return>  for immediate help.
 ...                                              
                                                  
l.3 \indent \textbf{–ú–µ—Ç–∞ —Ä–æ–±–æ—Ç–∏:} –∑–∞—Å
                                                  –≤–æ—ó—Ç–∏ —ñ–Ω—Ç–µ—Ä—Ñ–µ—...

You may provide a definition with
\DeclareUnicodeCharacter 


–ß–∞—Å—Ç1.tex:3: Package inputenc Error: Unicode character –≤ (U+0432)
(inputenc)                not set up for use with LaTeX.

See the inputenc package documentation for explanation.
Type  H <return>  for immediate help.
 ...                                              
                                                  
l.3 ...nt \textbf{–ú–µ—Ç–∞ —Ä–æ–±–æ—Ç–∏:} –∑–∞—Å–≤
                                                  –æ—ó—Ç–∏ —ñ–Ω—Ç–µ—Ä—Ñ–µ—Ä–...

You may provide a definition with
\DeclareUnicodeCharacter 


–ß–∞—Å—Ç1.tex:3: Package inputenc Error: Unicode character –æ (U+043E)
(inputenc)                not set up for use with LaTeX.

See the inputenc package documentation for explanation.
Type  H <return>  for immediate help.
 ...                                              
                                                  
l.3 ... \textbf{–ú–µ—Ç–∞ —Ä–æ–±–æ—Ç–∏:} –∑–∞—Å–≤–æ
                                                  —ó—Ç–∏ —ñ–Ω—Ç–µ—Ä—Ñ–µ—Ä–µ–...

You may provide a definition with
\DeclareUnicodeCharacter 


–ß–∞—Å—Ç1.tex:3: Package inputenc Error: Unicode character —ó (U+0457)
(inputenc)                not set up for use with LaTeX.

See the inputenc package documentation for explanation.
Type  H <return>  for immediate help.
 ...                                              
                                                  
l.3 ...textbf{–ú–µ—Ç–∞ —Ä–æ–±–æ—Ç–∏:} –∑–∞—Å–≤–æ—ó
                                                  —Ç–∏ —ñ–Ω—Ç–µ—Ä—Ñ–µ—Ä–µ–Ω—...

You may provide a definition with
\DeclareUnicodeCharacter 


–ß–∞—Å—Ç1.tex:3: Package inputenc Error: Unicode character —Ç (U+0442)
(inputenc)                not set up for use with LaTeX.

See the inputenc package documentation for explanation.
Type  H <return>  for immediate help.
 ...                                              
                                                  
l.3 ...xtbf{–ú–µ—Ç–∞ —Ä–æ–±–æ—Ç–∏:} –∑–∞—Å–≤–æ—ó—Ç
                                                  –∏ —ñ–Ω—Ç–µ—Ä—Ñ–µ—Ä–µ–Ω—Ü—...

You may provide a definition with
\DeclareUnicodeCharacter 


–ß–∞—Å—Ç1.tex:3: Package inputenc Error: Unicode character –∏ (U+0438)
(inputenc)                not set up for use with LaTeX.

See the inputenc package documentation for explanation.
Type  H <return>  for immediate help.
 ...                                              
                                                  
l.3 ...bf{–ú–µ—Ç–∞ —Ä–æ–±–æ—Ç–∏:} –∑–∞—Å–≤–æ—ó—Ç–∏
                                                   —ñ–Ω—Ç–µ—Ä—Ñ–µ—Ä–µ–Ω—Ü—ñ–...

You may provide a definition with
\DeclareUnicodeCharacter 


–ß–∞—Å—Ç1.tex:3: Package inputenc Error: Unicode character —ñ (U+0456)
(inputenc)                not set up for use with LaTeX.

See the inputenc package documentation for explanation.
Type  H <return>  for immediate help.
 ...                                              
                                                  
l.3 ...–ú–µ—Ç–∞ —Ä–æ–±–æ—Ç–∏:} –∑–∞—Å–≤–æ—ó—Ç–∏ —ñ
                                                  –Ω—Ç–µ—Ä—Ñ–µ—Ä–µ–Ω—Ü—ñ–π–Ω...

You may provide a definition with
\DeclareUnicodeCharacter 


–ß–∞—Å—Ç1.tex:3: Package inputenc Error: Unicode character –Ω (U+043D)
(inputenc)                not set up for use with LaTeX.

See the inputenc package documentation for explanation.
Type  H <return>  for immediate help.
 ...                                              
                                                  
l.3 ...–µ—Ç–∞ —Ä–æ–±–æ—Ç–∏:} –∑–∞—Å–≤–æ—ó—Ç–∏ —ñ–Ω
                                                  —Ç–µ—Ä—Ñ–µ—Ä–µ–Ω—Ü—ñ–π–Ω–∏...

You may provide a definition with
\DeclareUnicodeCharacter 


–ß–∞—Å—Ç1.tex:3: Package inputenc Error: Unicode character —Ç (U+0442)
(inputenc)                not set up for use with LaTeX.

See the inputenc package documentation for explanation.
Type  H <return>  for immediate help.
 ...                                              
                                                  
l.3 ...—Ç–∞ —Ä–æ–±–æ—Ç–∏:} –∑–∞—Å–≤–æ—ó—Ç–∏ —ñ–Ω—Ç
                                                  –µ—Ä—Ñ–µ—Ä–µ–Ω—Ü—ñ–π–Ω–∏–π...

You may provide a definition with
\DeclareUnicodeCharacter 


–ß–∞—Å—Ç1.tex:3: Package inputenc Error: Unicode character –µ (U+0435)
(inputenc)                not set up for use with LaTeX.

See the inputenc package documentation for explanation.
Type  H <return>  for immediate help.
 ...                                              
                                                  
l.3 ...–∞ —Ä–æ–±–æ—Ç–∏:} –∑–∞—Å–≤–æ—ó—Ç–∏ —ñ–Ω—Ç–µ
                                                  —Ä—Ñ–µ—Ä–µ–Ω—Ü—ñ–π–Ω–∏–π –...

You may provide a definition with
\DeclareUnicodeCharacter 


–ß–∞—Å—Ç1.tex:3: Package inputenc Error: Unicode character —Ä (U+0440)
(inputenc)                not set up for use with LaTeX.

See the inputenc package documentation for explanation.
Type  H <return>  for immediate help.
 ...                                              
                                                  
l.3 ... —Ä–æ–±–æ—Ç–∏:} –∑–∞—Å–≤–æ—ó—Ç–∏ —ñ–Ω—Ç–µ—Ä
                                                  —Ñ–µ—Ä–µ–Ω—Ü—ñ–π–Ω–∏–π –º–...

You may provide a definition with
\DeclareUnicodeCharacter 


–ß–∞—Å—Ç1.tex:3: Package inputenc Error: Unicode character —Ñ (U+0444)
(inputenc)                not set up for use with LaTeX.

See the inputenc package documentation for explanation.
Type  H <return>  for immediate help.
 ...                                              
                                                  
l.3 ...Ä–æ–±–æ—Ç–∏:} –∑–∞—Å–≤–æ—ó—Ç–∏ —ñ–Ω—Ç–µ—Ä—Ñ
                                                  –µ—Ä–µ–Ω—Ü—ñ–π–Ω–∏–π –º–µ—...

You may provide a definition with
\DeclareUnicodeCharacter 


–ß–∞—Å—Ç1.tex:3: Package inputenc Error: Unicode character –µ (U+0435)
(inputenc)                not set up for use with LaTeX.

See the inputenc package documentation for explanation.
Type  H <return>  for immediate help.
 ...                                              
                                                  
l.3 ...æ–±–æ—Ç–∏:} –∑–∞—Å–≤–æ—ó—Ç–∏ —ñ–Ω—Ç–µ—Ä—Ñ–µ
                                                  —Ä–µ–Ω—Ü—ñ–π–Ω–∏–π –º–µ—Ç–...

You may provide a definition with
\DeclareUnicodeCharacter 


–ß–∞—Å—Ç1.tex:3: Package inputenc Error: Unicode character —Ä (U+0440)
(inputenc)                not set up for use with LaTeX.

See the inputenc package documentation for explanation.
Type  H <return>  for immediate help.
 ...                                              
                                                  
l.3 ...±–æ—Ç–∏:} –∑–∞—Å–≤–æ—ó—Ç–∏ —ñ–Ω—Ç–µ—Ä—Ñ–µ—Ä
                                                  –µ–Ω—Ü—ñ–π–Ω–∏–π –º–µ—Ç–æ–...

You may provide a definition with
\DeclareUnicodeCharacter 


–ß–∞—Å—Ç1.tex:3: Package inputenc Error: Unicode character –µ (U+0435)
(inputenc)                not set up for use with LaTeX.

See the inputenc package documentation for explanation.
Type  H <return>  for immediate help.
 ...                                              
                                                  
l.3 ...æ—Ç–∏:} –∑–∞—Å–≤–æ—ó—Ç–∏ —ñ–Ω—Ç–µ—Ä—Ñ–µ—Ä–µ
                                                  –Ω—Ü—ñ–π–Ω–∏–π –º–µ—Ç–æ–¥ ...

You may provide a definition with
\DeclareUnicodeCharacter 


–ß–∞—Å—Ç1.tex:3: Package inputenc Error: Unicode character –Ω (U+043D)
(inputenc)                not set up for use with LaTeX.

See the inputenc package documentation for explanation.
Type  H <return>  for immediate help.
 ...                                              
                                                  
l.3 ...Ç–∏:} –∑–∞—Å–≤–æ—ó—Ç–∏ —ñ–Ω—Ç–µ—Ä—Ñ–µ—Ä–µ–Ω
                                                  —Ü—ñ–π–Ω–∏–π –º–µ—Ç–æ–¥ –≤...

You may provide a definition with
\DeclareUnicodeCharacter 


–ß–∞—Å—Ç1.tex:3: Package inputenc Error: Unicode character —Ü (U+0446)
(inputenc)                not set up for use with LaTeX.

See the inputenc package documentation for explanation.
Type  H <return>  for immediate help.
 ...                                              
                                                  
l.3 ...∏:} –∑–∞—Å–≤–æ—ó—Ç–∏ —ñ–Ω—Ç–µ—Ä—Ñ–µ—Ä–µ–Ω—Ü
                                                  —ñ–π–Ω–∏–π –º–µ—Ç–æ–¥ –≤–∏...

You may provide a definition with
\DeclareUnicodeCharacter 


–ß–∞—Å—Ç1.tex:3: Package inputenc Error: Unicode character —ñ (U+0456)
(inputenc)                not set up for use with LaTeX.

See the inputenc package documentation for explanation.
Type  H <return>  for immediate help.
 ...                                              
                                                  
l.3 ...} –∑–∞—Å–≤–æ—ó—Ç–∏ —ñ–Ω—Ç–µ—Ä—Ñ–µ—Ä–µ–Ω—Ü—ñ
                                                  –π–Ω–∏–π –º–µ—Ç–æ–¥ –≤–∏–º...

You may provide a definition with
\DeclareUnicodeCharacter 


–ß–∞—Å—Ç1.tex:3: Package inputenc Error: Unicode character –π (U+0439)
(inputenc)                not set up for use with LaTeX.

See the inputenc package documentation for explanation.
Type  H <return>  for immediate help.
 ...                                              
                                                  
l.3 ...–∑–∞—Å–≤–æ—ó—Ç–∏ —ñ–Ω—Ç–µ—Ä—Ñ–µ—Ä–µ–Ω—Ü—ñ–π
                                                  –Ω–∏–π –º–µ—Ç–æ–¥ –≤–∏–º—ñ...

You may provide a definition with
\DeclareUnicodeCharacter 


–ß–∞—Å—Ç1.tex:3: Package inputenc Error: Unicode character –Ω (U+043D)
(inputenc)                not set up for use with LaTeX.

See the inputenc package documentation for explanation.
Type  H <return>  for immediate help.
 ...                                              
                                                  
l.3 ...–∞—Å–≤–æ—ó—Ç–∏ —ñ–Ω—Ç–µ—Ä—Ñ–µ—Ä–µ–Ω—Ü—ñ–π–Ω
                                                  –∏–π –º–µ—Ç–æ–¥ –≤–∏–º—ñ—Ä...

You may provide a definition with
\DeclareUnicodeCharacter 


–ß–∞—Å—Ç1.tex:3: Package inputenc Error: Unicode character –∏ (U+0438)
(inputenc)                not set up for use with LaTeX.

See the inputenc package documentation for explanation.
Type  H <return>  for immediate help.
 ...                                              
                                                  
l.3 ...—Å–≤–æ—ó—Ç–∏ —ñ–Ω—Ç–µ—Ä—Ñ–µ—Ä–µ–Ω—Ü—ñ–π–Ω–∏
                                                  –π –º–µ—Ç–æ–¥ –≤–∏–º—ñ—Ä—é...

You may provide a definition with
\DeclareUnicodeCharacter 


–ß–∞—Å—Ç1.tex:3: Package inputenc Error: Unicode character –π (U+0439)
(inputenc)                not set up for use with LaTeX.

See the inputenc package documentation for explanation.
Type  H <return>  for immediate help.
 ...                                              
                                                  
l.3 ...–≤–æ—ó—Ç–∏ —ñ–Ω—Ç–µ—Ä—Ñ–µ—Ä–µ–Ω—Ü—ñ–π–Ω–∏–π
                                                   –º–µ—Ç–æ–¥ –≤–∏–º—ñ—Ä—é–≤...

You may provide a definition with
\DeclareUnicodeCharacter 


–ß–∞—Å—Ç1.tex:3: Package inputenc Error: Unicode character –º (U+043C)
(inputenc)                not set up for use with LaTeX.

See the inputenc package documentation for explanation.
Type  H <return>  for immediate help.
 ...                                              
                                                  
l.3 ...æ—ó—Ç–∏ —ñ–Ω—Ç–µ—Ä—Ñ–µ—Ä–µ–Ω—Ü—ñ–π–Ω–∏–π –º
                                                  –µ—Ç–æ–¥ –≤–∏–º—ñ—Ä—é–≤–∞–...

You may provide a definition with
\DeclareUnicodeCharacter 


–ß–∞—Å—Ç1.tex:3: Package inputenc Error: Unicode character –µ (U+0435)
(inputenc)                not set up for use with LaTeX.

See the inputenc package documentation for explanation.
Type  H <return>  for immediate help.
 ...                                              
                                                  
l.3 ...ó—Ç–∏ —ñ–Ω—Ç–µ—Ä—Ñ–µ—Ä–µ–Ω—Ü—ñ–π–Ω–∏–π –º–µ
                                                  —Ç–æ–¥ –≤–∏–º—ñ—Ä—é–≤–∞–Ω–...

You may provide a definition with
\DeclareUnicodeCharacter 


–ß–∞—Å—Ç1.tex:3: Package inputenc Error: Unicode character —Ç (U+0442)
(inputenc)                not set up for use with LaTeX.

See the inputenc package documentation for explanation.
Type  H <return>  for immediate help.
 ...                                              
                                                  
l.3 ...Ç–∏ —ñ–Ω—Ç–µ—Ä—Ñ–µ—Ä–µ–Ω—Ü—ñ–π–Ω–∏–π –º–µ—Ç
                                                  –æ–¥ –≤–∏–º—ñ—Ä—é–≤–∞–Ω–Ω—...

You may provide a definition with
\DeclareUnicodeCharacter 


–ß–∞—Å—Ç1.tex:3: Package inputenc Error: Unicode character –æ (U+043E)
(inputenc)                not set up for use with LaTeX.

See the inputenc package documentation for explanation.
Type  H <return>  for immediate help.
 ...                                              
                                                  
l.3 ...∏ —ñ–Ω—Ç–µ—Ä—Ñ–µ—Ä–µ–Ω—Ü—ñ–π–Ω–∏–π –º–µ—Ç–æ
                                                  –¥ –≤–∏–º—ñ—Ä—é–≤–∞–Ω–Ω—è ...

You may provide a definition with
\DeclareUnicodeCharacter 


–ß–∞—Å—Ç1.tex:3: Package inputenc Error: Unicode character –¥ (U+0434)
(inputenc)                not set up for use with LaTeX.

See the inputenc package documentation for explanation.
Type  H <return>  for immediate help.
 ...                                              
                                                  
l.3 ...—ñ–Ω—Ç–µ—Ä—Ñ–µ—Ä–µ–Ω—Ü—ñ–π–Ω–∏–π –º–µ—Ç–æ–¥
                                                   –≤–∏–º—ñ—Ä—é–≤–∞–Ω–Ω—è –¥...

You may provide a definition with
\DeclareUnicodeCharacter 


–ß–∞—Å—Ç1.tex:3: Package inputenc Error: Unicode character –≤ (U+0432)
(inputenc)                not set up for use with LaTeX.

See the inputenc package documentation for explanation.
Type  H <return>  for immediate help.
 ...                                              
                                                  
l.3 ...Ω—Ç–µ—Ä—Ñ–µ—Ä–µ–Ω—Ü—ñ–π–Ω–∏–π –º–µ—Ç–æ–¥ –≤
                                                  –∏–º—ñ—Ä—é–≤–∞–Ω–Ω—è –¥–æ–...

You may provide a definition with
\DeclareUnicodeCharacter 


–ß–∞—Å—Ç1.tex:3: Package inputenc Error: Unicode character –∏ (U+0438)
(inputenc)                not set up for use with LaTeX.

See the inputenc package documentation for explanation.
Type  H <return>  for immediate help.
 ...                                              
                                                  
l.3 ...Ç–µ—Ä—Ñ–µ—Ä–µ–Ω—Ü—ñ–π–Ω–∏–π –º–µ—Ç–æ–¥ –≤–∏
                                                  –º—ñ—Ä—é–≤–∞–Ω–Ω—è –¥–æ–≤–...

You may provide a definition with
\DeclareUnicodeCharacter 


–ß–∞—Å—Ç1.tex:3: Package inputenc Error: Unicode character –º (U+043C)
(inputenc)                not set up for use with LaTeX.

See the inputenc package documentation for explanation.
Type  H <return>  for immediate help.
 ...                                              
                                                  
l.3 ...µ—Ä—Ñ–µ—Ä–µ–Ω—Ü—ñ–π–Ω–∏–π –º–µ—Ç–æ–¥ –≤–∏–º
                                                  —ñ—Ä—é–≤–∞–Ω–Ω—è –¥–æ–≤–∂–...

You may provide a definition with
\DeclareUnicodeCharacter 


–ß–∞—Å—Ç1.tex:3: Package inputenc Error: Unicode character —ñ (U+0456)
(inputenc)                not set up for use with LaTeX.

See the inputenc package documentation for explanation.
Type  H <return>  for immediate help.
 ...                                              
                                                  
l.3 ...Ä—Ñ–µ—Ä–µ–Ω—Ü—ñ–π–Ω–∏–π –º–µ—Ç–æ–¥ –≤–∏–º—ñ
                                                  —Ä—é–≤–∞–Ω–Ω—è –¥–æ–≤–∂–∏–...

You may provide a definition with
\DeclareUnicodeCharacter 


–ß–∞—Å—Ç1.tex:3: Package inputenc Error: Unicode character —Ä (U+0440)
(inputenc)                not set up for use with LaTeX.

See the inputenc package documentation for explanation.
Type  H <return>  for immediate help.
 ...                                              
                                                  
l.3 ...Ñ–µ—Ä–µ–Ω—Ü—ñ–π–Ω–∏–π –º–µ—Ç–æ–¥ –≤–∏–º—ñ—Ä
                                                  —é–≤–∞–Ω–Ω—è –¥–æ–≤–∂–∏–Ω–...

You may provide a definition with
\DeclareUnicodeCharacter 


–ß–∞—Å—Ç1.tex:3: Package inputenc Error: Unicode character —é (U+044E)
(inputenc)                not set up for use with LaTeX.

See the inputenc package documentation for explanation.
Type  H <return>  for immediate help.
 ...                                              
                                                  
l.3 ...µ—Ä–µ–Ω—Ü—ñ–π–Ω–∏–π –º–µ—Ç–æ–¥ –≤–∏–º—ñ—Ä—é
                                                  –≤–∞–Ω–Ω—è –¥–æ–≤–∂–∏–Ω–∏ ...

You may provide a definition with
\DeclareUnicodeCharacter 


–ß–∞—Å—Ç1.tex:3: Package inputenc Error: Unicode character –≤ (U+0432)
(inputenc)                not set up for use with LaTeX.

See the inputenc package documentation for explanation.
Type  H <return>  for immediate help.
 ...                                              
                                                  
l.3 ...Ä–µ–Ω—Ü—ñ–π–Ω–∏–π –º–µ—Ç–æ–¥ –≤–∏–º—ñ—Ä—é–≤
                                                  –∞–Ω–Ω—è –¥–æ–≤–∂–∏–Ω–∏ —Ö...

You may provide a definition with
\DeclareUnicodeCharacter 


–ß–∞—Å—Ç1.tex:3: Package inputenc Error: Unicode character –∞ (U+0430)
(inputenc)                not set up for use with LaTeX.

See the inputenc package documentation for explanation.
Type  H <return>  for immediate help.
 ...                                              
                                                  
l.3 ...µ–Ω—Ü—ñ–π–Ω–∏–π –º–µ—Ç–æ–¥ –≤–∏–º—ñ—Ä—é–≤–∞
                                                  –Ω–Ω—è –¥–æ–≤–∂–∏–Ω–∏ —Ö–≤...

You may provide a definition with
\DeclareUnicodeCharacter 


–ß–∞—Å—Ç1.tex:3: Package inputenc Error: Unicode character –Ω (U+043D)
(inputenc)                not set up for use with LaTeX.

See the inputenc package documentation for explanation.
Type  H <return>  for immediate help.
 ...                                              
                                                  
l.3 ...Ω—Ü—ñ–π–Ω–∏–π –º–µ—Ç–æ–¥ –≤–∏–º—ñ—Ä—é–≤–∞–Ω
                                                  –Ω—è –¥–æ–≤–∂–∏–Ω–∏ —Ö–≤–∏...

You may provide a definition with
\DeclareUnicodeCharacter 


–ß–∞—Å—Ç1.tex:3: Package inputenc Error: Unicode character –Ω (U+043D)
(inputenc)                not set up for use with LaTeX.

See the inputenc package documentation for explanation.
Type  H <return>  for immediate help.
 ...                                              
                                                  
l.3 ...Ü—ñ–π–Ω–∏–π –º–µ—Ç–æ–¥ –≤–∏–º—ñ—Ä—é–≤–∞–Ω–Ω
                                                  —è –¥–æ–≤–∂–∏–Ω–∏ —Ö–≤–∏–ª...

You may provide a definition with
\DeclareUnicodeCharacter 


–ß–∞—Å—Ç1.tex:3: Package inputenc Error: Unicode character —è (U+044F)
(inputenc)                not set up for use with LaTeX.

See the inputenc package documentation for explanation.
Type  H <return>  for immediate help.
 ...                                              
                                                  
l.3 ...ñ–π–Ω–∏–π –º–µ—Ç–æ–¥ –≤–∏–º—ñ—Ä—é–≤–∞–Ω–Ω—è
                                                   –¥–æ–≤–∂–∏–Ω–∏ —Ö–≤–∏–ª—ñ...

You may provide a definition with
\DeclareUnicodeCharacter 


–ß–∞—Å—Ç1.tex:3: Package inputenc Error: Unicode character –¥ (U+0434)
(inputenc)                not set up for use with LaTeX.

See the inputenc package documentation for explanation.
Type  H <return>  for immediate help.
 ...                                              
                                                  
l.3 ...–Ω–∏–π –º–µ—Ç–æ–¥ –≤–∏–º—ñ—Ä—é–≤–∞–Ω–Ω—è –¥
                                                  –æ–≤–∂–∏–Ω–∏ —Ö–≤–∏–ª—ñ –∑...

You may provide a definition with
\DeclareUnicodeCharacter 


–ß–∞—Å—Ç1.tex:3: Package inputenc Error: Unicode character –æ (U+043E)
(inputenc)                not set up for use with LaTeX.

See the inputenc package documentation for explanation.
Type  H <return>  for immediate help.
 ...                                              
                                                  
l.3 ...–∏–π –º–µ—Ç–æ–¥ –≤–∏–º—ñ—Ä—é–≤–∞–Ω–Ω—è –¥–æ
                                                  –≤–∂–∏–Ω–∏ —Ö–≤–∏–ª—ñ –∑–∞...

You may provide a definition with
\DeclareUnicodeCharacter 


–ß–∞—Å—Ç1.tex:3: Package inputenc Error: Unicode character –≤ (U+0432)
(inputenc)                not set up for use with LaTeX.

See the inputenc package documentation for explanation.
Type  H <return>  for immediate help.
 ...                                              
                                                  
l.3 ...–π –º–µ—Ç–æ–¥ –≤–∏–º—ñ—Ä—é–≤–∞–Ω–Ω—è –¥–æ–≤
                                                  –∂–∏–Ω–∏ —Ö–≤–∏–ª—ñ –∑–∞ –...

You may provide a definition with
\DeclareUnicodeCharacter 


–ß–∞—Å—Ç1.tex:3: Package inputenc Error: Unicode character –∂ (U+0436)
(inputenc)                not set up for use with LaTeX.

See the inputenc package documentation for explanation.
Type  H <return>  for immediate help.
 ...                                              
                                                  
l.3 ... –º–µ—Ç–æ–¥ –≤–∏–º—ñ—Ä—é–≤–∞–Ω–Ω—è –¥–æ–≤–∂
                                                  –∏–Ω–∏ —Ö–≤–∏–ª—ñ –∑–∞ –¥–...

You may provide a definition with
\DeclareUnicodeCharacter 


–ß–∞—Å—Ç1.tex:3: Package inputenc Error: Unicode character –∏ (U+0438)
(inputenc)                not set up for use with LaTeX.

See the inputenc package documentation for explanation.
Type  H <return>  for immediate help.
 ...                                              
                                                  
l.3 ...º–µ—Ç–æ–¥ –≤–∏–º—ñ—Ä—é–≤–∞–Ω–Ω—è –¥–æ–≤–∂–∏
                                                  –Ω–∏ —Ö–≤–∏–ª—ñ –∑–∞ –¥–æ–...

You may provide a definition with
\DeclareUnicodeCharacter 


–ß–∞—Å—Ç1.tex:3: Package inputenc Error: Unicode character –Ω (U+043D)
(inputenc)                not set up for use with LaTeX.

See the inputenc package documentation for explanation.
Type  H <return>  for immediate help.
 ...                                              
                                                  
l.3 ...µ—Ç–æ–¥ –≤–∏–º—ñ—Ä—é–≤–∞–Ω–Ω—è –¥–æ–≤–∂–∏–Ω
                                                  –∏ —Ö–≤–∏–ª—ñ –∑–∞ –¥–æ–ø–...

You may provide a definition with
\DeclareUnicodeCharacter 


–ß–∞—Å—Ç1.tex:3: Package inputenc Error: Unicode character –∏ (U+0438)
(inputenc)                not set up for use with LaTeX.

See the inputenc package documentation for explanation.
Type  H <return>  for immediate help.
 ...                                              
                                                  
l.3 ...Ç–æ–¥ –≤–∏–º—ñ—Ä—é–≤–∞–Ω–Ω—è –¥–æ–≤–∂–∏–Ω–∏
                                                   —Ö–≤–∏–ª—ñ –∑–∞ –¥–æ–ø–æ–...

You may provide a definition with
\DeclareUnicodeCharacter 


–ß–∞—Å—Ç1.tex:3: Package inputenc Error: Unicode character —Ö (U+0445)
(inputenc)                not set up for use with LaTeX.

See the inputenc package documentation for explanation.
Type  H <return>  for immediate help.
 ...                                              
                                                  
l.3 ...–¥ –≤–∏–º—ñ—Ä—é–≤–∞–Ω–Ω—è –¥–æ–≤–∂–∏–Ω–∏ —Ö
                                                  –≤–∏–ª—ñ –∑–∞ –¥–æ–ø–æ–º–æ...

You may provide a definition with
\DeclareUnicodeCharacter 


–ß–∞—Å—Ç1.tex:3: Package inputenc Error: Unicode character –≤ (U+0432)
(inputenc)                not set up for use with LaTeX.

See the inputenc package documentation for explanation.
Type  H <return>  for immediate help.
 ...                                              
                                                  
l.3 ... –≤–∏–º—ñ—Ä—é–≤–∞–Ω–Ω—è –¥–æ–≤–∂–∏–Ω–∏ —Ö–≤
                                                  –∏–ª—ñ –∑–∞ –¥–æ–ø–æ–º–æ–≥...

You may provide a definition with
\DeclareUnicodeCharacter 


–ß–∞—Å—Ç1.tex:3: Package inputenc Error: Unicode character –∏ (U+0438)
(inputenc)                not set up for use with LaTeX.

See the inputenc package documentation for explanation.
Type  H <return>  for immediate help.
 ...                                              
                                                  
l.3 ...≤–∏–º—ñ—Ä—é–≤–∞–Ω–Ω—è –¥–æ–≤–∂–∏–Ω–∏ —Ö–≤–∏
                                                  –ª—ñ –∑–∞ –¥–æ–ø–æ–º–æ–≥–æ—é
You may provide a definition with
\DeclareUnicodeCharacter 


–ß–∞—Å—Ç1.tex:3: Package inputenc Error: Unicode character –ª (U+043B)
(inputenc)                not set up for use with LaTeX.

See the inputenc package documentation for explanation.
Type  H <return>  for immediate help.
 ...                                              
                                                  
l.3 ...∏–º—ñ—Ä—é–≤–∞–Ω–Ω—è –¥–æ–≤–∂–∏–Ω–∏ —Ö–≤–∏–ª
                                                  —ñ –∑–∞ –¥–æ–ø–æ–º–æ–≥–æ—é
You may provide a definition with
\DeclareUnicodeCharacter 


–ß–∞—Å—Ç1.tex:3: Package inputenc Error: Unicode character —ñ (U+0456)
(inputenc)                not set up for use with LaTeX.

See the inputenc package documentation for explanation.
Type  H <return>  for immediate help.
 ...                                              
                                                  
l.3 ...º—ñ—Ä—é–≤–∞–Ω–Ω—è –¥–æ–≤–∂–∏–Ω–∏ —Ö–≤–∏–ª—ñ
                                                   –∑–∞ –¥–æ–ø–æ–º–æ–≥–æ—é
You may provide a definition with
\DeclareUnicodeCharacter 


–ß–∞—Å—Ç1.tex:3: Package inputenc Error: Unicode character –∑ (U+0437)
(inputenc)                not set up for use with LaTeX.

See the inputenc package documentation for explanation.
Type  H <return>  for immediate help.
 ...                                              
                                                  
l.3 ...—Ä—é–≤–∞–Ω–Ω—è –¥–æ–≤–∂–∏–Ω–∏ —Ö–≤–∏–ª—ñ –∑
                                                  –∞ –¥–æ–ø–æ–º–æ–≥–æ—é
You may provide a definition with
\DeclareUnicodeCharacter 


–ß–∞—Å—Ç1.tex:3: Package inputenc Error: Unicode character –∞ (U+0430)
(inputenc)                not set up for use with LaTeX.

See the inputenc package documentation for explanation.
Type  H <return>  for immediate help.
 ...                                              
                                                  
l.3 ...—é–≤–∞–Ω–Ω—è –¥–æ–≤–∂–∏–Ω–∏ —Ö–≤–∏–ª—ñ –∑–∞
                                                   –¥–æ–ø–æ–º–æ–≥–æ—é
You may provide a definition with
\DeclareUnicodeCharacter 


–ß–∞—Å—Ç1.tex:3: Package inputenc Error: Unicode character –¥ (U+0434)
(inputenc)                not set up for use with LaTeX.

See the inputenc package documentation for explanation.
Type  H <return>  for immediate help.
 ...                                              
                                                  
l.3 ...≤–∞–Ω–Ω—è –¥–æ–≤–∂–∏–Ω–∏ —Ö–≤–∏–ª—ñ –∑–∞ –¥
                                                  –æ–ø–æ–º–æ–≥–æ—é
You may provide a definition with
\DeclareUnicodeCharacter 


–ß–∞—Å—Ç1.tex:3: Package inputenc Error: Unicode character –æ (U+043E)
(inputenc)                not set up for use with LaTeX.

See the inputenc package documentation for explanation.
Type  H <return>  for immediate help.
 ...                                              
                                                  
l.3 ...∞–Ω–Ω—è –¥–æ–≤–∂–∏–Ω–∏ —Ö–≤–∏–ª—ñ –∑–∞ –¥–æ
                                                  –ø–æ–º–æ–≥–æ—é
You may provide a definition with
\DeclareUnicodeCharacter 


–ß–∞—Å—Ç1.tex:3: Package inputenc Error: Unicode character –ø (U+043F)
(inputenc)                not set up for use with LaTeX.

See the inputenc package documentation for explanation.
Type  H <return>  for immediate help.
 ...                                              
                                                  
l.3 ...Ω–Ω—è –¥–æ–≤–∂–∏–Ω–∏ —Ö–≤–∏–ª—ñ –∑–∞ –¥–æ–ø
                                                  –æ–º–æ–≥–æ—é
You may provide a definition with
\DeclareUnicodeCharacter 


–ß–∞—Å—Ç1.tex:3: Package inputenc Error: Unicode character –æ (U+043E)
(inputenc)                not set up for use with LaTeX.

See the inputenc package documentation for explanation.
Type  H <return>  for immediate help.
 ...                                              
                                                  
l.3 ...Ω—è –¥–æ–≤–∂–∏–Ω–∏ —Ö–≤–∏–ª—ñ –∑–∞ –¥–æ–ø–æ
                                                  –º–æ–≥–æ—é
You may provide a definition with
\DeclareUnicodeCharacter 


–ß–∞—Å—Ç1.tex:3: Package inputenc Error: Unicode character –º (U+043C)
(inputenc)                not set up for use with LaTeX.

See the inputenc package documentation for explanation.
Type  H <return>  for immediate help.
 ...                                              
                                                  
l.3 ...è –¥–æ–≤–∂–∏–Ω–∏ —Ö–≤–∏–ª—ñ –∑–∞ –¥–æ–ø–æ–º
                                                  –æ–≥–æ—é
You may provide a definition with
\DeclareUnicodeCharacter 


–ß–∞—Å—Ç1.tex:3: Package inputenc Error: Unicode character –æ (U+043E)
(inputenc)                not set up for use with LaTeX.

See the inputenc package documentation for explanation.
Type  H <return>  for immediate help.
 ...                                              
                                                  
l.3 ...–¥–æ–≤–∂–∏–Ω–∏ —Ö–≤–∏–ª—ñ –∑–∞ –¥–æ–ø–æ–º–æ
                                                  –≥–æ—é
You may provide a definition with
\DeclareUnicodeCharacter 


–ß–∞—Å—Ç1.tex:3: Package inputenc Error: Unicode character –≥ (U+0433)
(inputenc)                not set up for use with LaTeX.

See the inputenc package documentation for explanation.
Type  H <return>  for immediate help.
 ...                                              
                                                  
l.3 ...–æ–≤–∂–∏–Ω–∏ —Ö–≤–∏–ª—ñ –∑–∞ –¥–æ–ø–æ–º–æ–≥
                                                  –æ—é
You may provide a definition with
\DeclareUnicodeCharacter 


–ß–∞—Å—Ç1.tex:3: Package inputenc Error: Unicode character –æ (U+043E)
(inputenc)                not set up for use with LaTeX.

See the inputenc package documentation for explanation.
Type  H <return>  for immediate help.
 ...                                              
                                                  
l.3 ...–≤–∂–∏–Ω–∏ —Ö–≤–∏–ª—ñ –∑–∞ –¥–æ–ø–æ–º–æ–≥–æ
                                                  —é
You may provide a definition with
\DeclareUnicodeCharacter 


–ß–∞—Å—Ç1.tex:3: Package inputenc Error: Unicode character —é (U+044E)
(inputenc)                not set up for use with LaTeX.

See the inputenc package documentation for explanation.
Type  H <return>  for immediate help.
 ...                                              
                                                  
l.3 ...–∂–∏–Ω–∏ —Ö–≤–∏–ª—ñ –∑–∞ –¥–æ–ø–æ–º–æ–≥–æ—é
                                                  
You may provide a definition with
\DeclareUnicodeCharacter 


–ß–∞—Å—Ç1.tex:4: Package inputenc Error: Unicode character –± (U+0431)
(inputenc)                not set up for use with LaTeX.

See the inputenc package documentation for explanation.
Type  H <return>  for immediate help.
 ...                                              
                                                  
l.4 –±
      —ñ–ø—Ä–∏–∑–º–∏ –§—Ä–µ–Ω–µ–ª—è. \par
You may provide a definition with
\DeclareUnicodeCharacter 


–ß–∞—Å—Ç1.tex:4: Package inputenc Error: Unicode character —ñ (U+0456)
(inputenc)                not set up for use with LaTeX.

See the inputenc package documentation for explanation.
Type  H <return>  for immediate help.
 ...                                              
                                                  
l.4 –±—ñ
        –ø—Ä–∏–∑–º–∏ –§—Ä–µ–Ω–µ–ª—è. \par
You may provide a definition with
\DeclareUnicodeCharacter 


–ß–∞—Å—Ç1.tex:4: Package inputenc Error: Unicode character –ø (U+043F)
(inputenc)                not set up for use with LaTeX.

See the inputenc package documentation for explanation.
Type  H <return>  for immediate help.
 ...                                              
                                                  
l.4 –±—ñ–ø
          —Ä–∏–∑–º–∏ –§—Ä–µ–Ω–µ–ª—è. \par
You may provide a definition with
\DeclareUnicodeCharacter 


–ß–∞—Å—Ç1.tex:4: Package inputenc Error: Unicode character —Ä (U+0440)
(inputenc)                not set up for use with LaTeX.

See the inputenc package documentation for explanation.
Type  H <return>  for immediate help.
 ...                                              
                                                  
l.4 –±—ñ–ø—Ä
            –∏–∑–º–∏ –§—Ä–µ–Ω–µ–ª—è. \par
You may provide a definition with
\DeclareUnicodeCharacter 


–ß–∞—Å—Ç1.tex:4: Package inputenc Error: Unicode character –∏ (U+0438)
(inputenc)                not set up for use with LaTeX.

See the inputenc package documentation for explanation.
Type  H <return>  for immediate help.
 ...                                              
                                                  
l.4 –±—ñ–ø—Ä–∏
              –∑–º–∏ –§—Ä–µ–Ω–µ–ª—è. \par
You may provide a definition with
\DeclareUnicodeCharacter 


–ß–∞—Å—Ç1.tex:4: Package inputenc Error: Unicode character –∑ (U+0437)
(inputenc)                not set up for use with LaTeX.

See the inputenc package documentation for explanation.
Type  H <return>  for immediate help.
 ...                                              
                                                  
l.4 –±—ñ–ø—Ä–∏–∑
                –º–∏ –§—Ä–µ–Ω–µ–ª—è. \par
You may provide a definition with
\DeclareUnicodeCharacter 


–ß–∞—Å—Ç1.tex:4: Package inputenc Error: Unicode character –º (U+043C)
(inputenc)                not set up for use with LaTeX.

See the inputenc package documentation for explanation.
Type  H <return>  for immediate help.
 ...                                              
                                                  
l.4 –±—ñ–ø—Ä–∏–∑–º
                  –∏ –§—Ä–µ–Ω–µ–ª—è. \par
You may provide a definition with
\DeclareUnicodeCharacter 


–ß–∞—Å—Ç1.tex:4: Package inputenc Error: Unicode character –∏ (U+0438)
(inputenc)                not set up for use with LaTeX.

See the inputenc package documentation for explanation.
Type  H <return>  for immediate help.
 ...                                              
                                                  
l.4 –±—ñ–ø—Ä–∏–∑–º–∏
                     –§—Ä–µ–Ω–µ–ª—è. \par
You may provide a definition with
\DeclareUnicodeCharacter 


–ß–∞—Å—Ç1.tex:4: Package inputenc Error: Unicode character –§ (U+0424)
(inputenc)                not set up for use with LaTeX.

See the inputenc package documentation for explanation.
Type  H <return>  for immediate help.
 ...                                              
                                                  
l.4 –±—ñ–ø—Ä–∏–∑–º–∏ –§
                       —Ä–µ–Ω–µ–ª—è. \par
You may provide a definition with
\DeclareUnicodeCharacter 


–ß–∞—Å—Ç1.tex:4: Package inputenc Error: Unicode character —Ä (U+0440)
(inputenc)                not set up for use with LaTeX.

See the inputenc package documentation for explanation.
Type  H <return>  for immediate help.
 ...                                              
                                                  
l.4 –±—ñ–ø—Ä–∏–∑–º–∏ –§—Ä
                         –µ–Ω–µ–ª—è. \par
You may provide a definition with
\DeclareUnicodeCharacter 


–ß–∞—Å—Ç1.tex:4: Package inputenc Error: Unicode character –µ (U+0435)
(inputenc)                not set up for use with LaTeX.

See the inputenc package documentation for explanation.
Type  H <return>  for immediate help.
 ...                                              
                                                  
l.4 –±—ñ–ø—Ä–∏–∑–º–∏ –§—Ä–µ
                           –Ω–µ–ª—è. \par
(That makes 100 errors; please try again.) 
Here is how much of TeX's memory you used:
 53 strings out of 479334
 1012 string characters out of 2852809
 282611 words of memory out of 3000000
 17605 multiletter control sequences out of 15000+200000
 403738 words of font info for 28 fonts, out of 3000000 for 9000
 1141 hyphenation exceptions out of 8191
 13i,1n,15p,230b,72s stack positions out of 5000i,500n,10000p,200000b,50000s

–ß–∞—Å—Ç1.tex:4:  ==> Fatal error occurred, no output PDF file produced!
